#
# There is insufficient memory for the Java Runtime Environment to continue.
# Native memory allocation (malloc) failed to allocate 2097152 bytes for AllocateHeap
# Possible reasons:
#   The system is out of physical RAM or swap space
#   The process is running with CompressedOops enabled, and the Java Heap may be blocking the growth of the native heap
# Possible solutions:
#   Reduce memory load on the system
#   Increase physical memory or swap space
#   Check if swap backing store is full
#   Decrease Java heap size (-Xmx/-Xms)
#   Decrease number of Java threads
#   Decrease Java thread stack sizes (-Xss)
#   Set larger code cache with -XX:ReservedCodeCacheSize=
#   JVM is running with Unscaled Compressed Oops mode in which the Java heap is
#     placed in the first 4GB address space. The Java Heap base address is the
#     maximum limit for the native heap growth. Please use -XX:HeapBaseMinAddress
#     to set the Java Heap base and to place the Java Heap above 4GB virtual address.
# This output file may be truncated or incomplete.
#
#  Out of Memory Error (allocation.cpp:44), pid=20416, tid=19840
#
# JRE version: OpenJDK Runtime Environment Temurin-17.0.10+7 (17.0.10+7) (build 17.0.10+7)
# Java VM: OpenJDK 64-Bit Server VM Temurin-17.0.10+7 (17.0.10+7, mixed mode, emulated-client, tiered, compressed oops, compressed class ptrs, g1 gc, windows-amd64)
# No core dump will be written. Minidumps are not enabled by default on client versions of Windows
#

---------------  S U M M A R Y ------------

Command Line: -XX:+HeapDumpOnOutOfMemoryError -Xmx1024m -Dsts.lsp.client=vscode -Dsts.log.file=/dev/null -XX:TieredStopAtLevel=1 -Xlog:jni+resolve=off -Dspring.config.location=file:c:\Users\julia\.vscode\extensions\vmware.vscode-spring-boot-1.53.0\language-server\BOOT-INF\classes\application.properties org.springframework.ide.vscode.boot.app.BootLanguageServerBootApp

Host: 12th Gen Intel(R) Core(TM) i5-12450H, 12 cores, 7G,  Windows 11 , 64 bit Build 22621 (10.0.22621.3374)
Time: Sat Apr  6 19:21:20 2024 Hora est. Pacífico, Sudamérica elapsed time: 706.328264 seconds (0d 0h 11m 46s)

---------------  T H R E A D  ---------------

Current thread (0x0000015314989ea0):  VMThread "VM Thread" [stack: 0x0000002931e00000,0x0000002931f00000] [id=19840]

Stack: [0x0000002931e00000,0x0000002931f00000]
Native frames: (J=compiled Java code, j=interpreted, Vv=VM code, C=native code)
V  [jvm.dll+0x67d2c9]
V  [jvm.dll+0x834afa]
V  [jvm.dll+0x8365be]
V  [jvm.dll+0x836c23]
V  [jvm.dll+0x2477ff]
V  [jvm.dll+0xa6c93]
V  [jvm.dll+0x2f86f1]
V  [jvm.dll+0x2f42e0]
V  [jvm.dll+0x2dc8c7]
V  [jvm.dll+0x31fb87]
V  [jvm.dll+0x83b11b]
V  [jvm.dll+0x83be61]
V  [jvm.dll+0x83c37d]
V  [jvm.dll+0x83c754]
V  [jvm.dll+0x83c820]
V  [jvm.dll+0x7e3fba]
V  [jvm.dll+0x67c1b5]
C  [ucrtbase.dll+0x29333]
C  [KERNEL32.DLL+0x1257d]
C  [ntdll.dll+0x5aa48]

VM_Operation (0x00000029339feb00): G1CollectFull, mode: safepoint, requested by thread 0x000001531a680c70


---------------  P R O C E S S  ---------------

Threads class SMR info:
_java_thread_list=0x000001531a938630, length=19, elements={
0x000001531499f390, 0x00000153149a0120, 0x00000153149df010, 0x00000153149df8e0,
0x00000153149e21c0, 0x00000153149e4aa0, 0x00000153149e85f0, 0x00000153149ed2e0,
0x0000015314c1bc70, 0x0000015314c29e30, 0x000001531a47c180, 0x000001531a680c70,
0x000001531a4e17d0, 0x0000015309706b00, 0x000001531a45c1e0, 0x000001531a6963a0,
0x000001531a6ca3f0, 0x000001531a6c8fb0, 0x000001531a6cb830
}

Java Threads: ( => current thread )
  0x000001531499f390 JavaThread "Reference Handler" daemon [_thread_blocked, id=21124, stack(0x0000002931f00000,0x0000002932000000)]
  0x00000153149a0120 JavaThread "Finalizer" daemon [_thread_blocked, id=4292, stack(0x0000002932000000,0x0000002932100000)]
  0x00000153149df010 JavaThread "Signal Dispatcher" daemon [_thread_blocked, id=20060, stack(0x0000002932100000,0x0000002932200000)]
  0x00000153149df8e0 JavaThread "Attach Listener" daemon [_thread_blocked, id=17456, stack(0x0000002932200000,0x0000002932300000)]
  0x00000153149e21c0 JavaThread "Service Thread" daemon [_thread_blocked, id=1852, stack(0x0000002932300000,0x0000002932400000)]
  0x00000153149e4aa0 JavaThread "Monitor Deflation Thread" daemon [_thread_blocked, id=22992, stack(0x0000002932400000,0x0000002932500000)]
  0x00000153149e85f0 JavaThread "C1 CompilerThread0" daemon [_thread_blocked, id=16464, stack(0x0000002932500000,0x0000002932600000)]
  0x00000153149ed2e0 JavaThread "Sweeper thread" daemon [_thread_blocked, id=10532, stack(0x0000002932600000,0x0000002932700000)]
  0x0000015314c1bc70 JavaThread "Notification Thread" daemon [_thread_blocked, id=5668, stack(0x0000002932900000,0x0000002932a00000)]
  0x0000015314c29e30 JavaThread "Common-Cleaner" daemon [_thread_blocked, id=18956, stack(0x0000002932b00000,0x0000002932c00000)]
  0x000001531a47c180 JavaThread "boundedElastic-evictor-1" daemon [_thread_blocked, id=18996, stack(0x0000002933800000,0x0000002933900000)]
  0x000001531a680c70 JavaThread "pool-13-thread-1" [_thread_blocked, id=10452, stack(0x0000002933900000,0x0000002933a00000)]
  0x000001531a4e17d0 JavaThread "LanguageServerApp-lifecycle" [_thread_blocked, id=1096, stack(0x0000002933a00000,0x0000002933b00000)]
  0x0000015309706b00 JavaThread "DestroyJavaVM" [_thread_blocked, id=18928, stack(0x0000002931800000,0x0000002931900000)]
  0x000001531a45c1e0 JavaThread "pool-14-thread-1" [_thread_in_native, id=8060, stack(0x0000002933b00000,0x0000002933c00000)]
  0x000001531a6963a0 JavaThread "Simple-Language-Server main thread" daemon [_thread_blocked, id=6192, stack(0x0000002933c00000,0x0000002933d00000)]
  0x000001531a6ca3f0 JavaThread "parallel-1" daemon [_thread_blocked, id=18808, stack(0x0000002934000000,0x0000002934100000)]
  0x000001531a6c8fb0 JavaThread "pool-6-thread-1" [_thread_blocked, id=19260, stack(0x0000002934100000,0x0000002934200000)]
  0x000001531a6cb830 JavaThread "parallel-2" daemon [_thread_blocked, id=8256, stack(0x0000002934200000,0x0000002934300000)]

Other Threads:
=>0x0000015314989ea0 VMThread "VM Thread" [stack: 0x0000002931e00000,0x0000002931f00000] [id=19840]
  0x0000015314c236f0 WatcherThread [stack: 0x0000002932a00000,0x0000002932b00000] [id=22064]
  0x00000153097441f0 GCTaskThread "GC Thread#0" [stack: 0x0000002931900000,0x0000002931a00000] [id=2612]
  0x00000153197fc020 GCTaskThread "GC Thread#1" [stack: 0x0000002932c00000,0x0000002932d00000] [id=20928]
  0x0000015319a95e30 GCTaskThread "GC Thread#2" [stack: 0x0000002932d00000,0x0000002932e00000] [id=6652]
  0x0000015319a960f0 GCTaskThread "GC Thread#3" [stack: 0x0000002932e00000,0x0000002932f00000] [id=21120]
  0x0000015319cb32b0 GCTaskThread "GC Thread#4" [stack: 0x0000002932f00000,0x0000002933000000] [id=20176]
  0x0000015319cbb580 GCTaskThread "GC Thread#5" [stack: 0x0000002933000000,0x0000002933100000] [id=18968]
  0x000001531a009c10 GCTaskThread "GC Thread#6" [stack: 0x0000002933200000,0x0000002933300000] [id=5160]
  0x0000015319f2e460 GCTaskThread "GC Thread#7" [stack: 0x0000002933300000,0x0000002933400000] [id=2956]
  0x0000015319fb6b90 GCTaskThread "GC Thread#8" [stack: 0x0000002933400000,0x0000002933500000] [id=10504]
  0x0000015319fb7110 GCTaskThread "GC Thread#9" [stack: 0x0000002933500000,0x0000002933600000] [id=17196]
  0x000001530974d050 ConcurrentGCThread "G1 Main Marker" [stack: 0x0000002931a00000,0x0000002931b00000] [id=3980]
  0x000001530974d980 ConcurrentGCThread "G1 Conc#0" [stack: 0x0000002931b00000,0x0000002931c00000] [id=23148]
  0x0000015319fb6e50 ConcurrentGCThread "G1 Conc#1" [stack: 0x0000002933600000,0x0000002933700000] [id=1900]
  0x0000015319fb7950 ConcurrentGCThread "G1 Conc#2" [stack: 0x0000002933700000,0x0000002933800000] [id=17232]
  0x00000153097ae110 ConcurrentGCThread "G1 Refine#0" [stack: 0x0000002931c00000,0x0000002931d00000] [id=3316]
  0x00000153097aea50 ConcurrentGCThread "G1 Service" [stack: 0x0000002931d00000,0x0000002931e00000] [id=21264]

Threads with active compile tasks:

VM state: at safepoint (normal execution)

VM Mutex/Monitor currently owned by a thread:  ([mutex/lock_event])
[0x0000015307511d20] Threads_lock - owner thread: 0x0000015314989ea0
[0x000001530750c160] Heap_lock - owner thread: 0x000001531a680c70

Heap address: 0x00000000c0000000, size: 1024 MB, Compressed Oops mode: 32-bit

CDS archive(s) not mapped
Compressed class space mapped at: 0x0000000100000000-0x0000000140000000, reserved size: 1073741824
Narrow klass base: 0x0000000000000000, Narrow klass shift: 3, Narrow klass range: 0x140000000

GC Precious Log:
 CPUs: 12 total, 12 available
 Memory: 7878M
 Large Page Support: Disabled
 NUMA Support: Disabled
 Compressed Oops: Enabled (32-bit)
 Heap Region Size: 1M
 Heap Min Capacity: 8M
 Heap Initial Capacity: 124M
 Heap Max Capacity: 1G
 Pre-touch: Disabled
 Parallel Workers: 10
 Concurrent Workers: 3
 Concurrent Refinement Workers: 10
 Periodic GC: Disabled

Heap:
 garbage-first heap   total 89088K, used 25986K [0x00000000c0000000, 0x0000000100000000)
  region size 1024K, 1 young (1024K), 0 survivors (0K)
 Metaspace       used 47694K, committed 48384K, reserved 1114112K
  class space    used 6137K, committed 6400K, reserved 1048576K

Heap Regions: E=young(eden), S=young(survivor), O=old, HS=humongous(starts), HC=humongous(continues), CS=collection set, F=free, OA=open archive, CA=closed archive, TAMS=top-at-mark-start (previous, next)
|   0|0x00000000c0000000, 0x00000000c0100000, 0x00000000c0100000|100%|HS|  |TAMS 0x00000000c0100000, 0x00000000c0000000| Untracked 
|   1|0x00000000c0100000, 0x00000000c0200000, 0x00000000c0200000|100%|HC|  |TAMS 0x00000000c0200000, 0x00000000c0100000| Untracked 
|   2|0x00000000c0200000, 0x00000000c0300000, 0x00000000c0300000|100%|HC|  |TAMS 0x00000000c0300000, 0x00000000c0200000| Untracked 
|   3|0x00000000c0300000, 0x00000000c0400000, 0x00000000c0400000|100%|HC|  |TAMS 0x00000000c0400000, 0x00000000c0300000| Untracked 
|   4|0x00000000c0400000, 0x00000000c0500000, 0x00000000c0500000|100%|HS|  |TAMS 0x00000000c0500000, 0x00000000c0400000| Untracked 
|   5|0x00000000c0500000, 0x00000000c0600000, 0x00000000c0600000|100%|HC|  |TAMS 0x00000000c0600000, 0x00000000c0500000| Untracked 
|   6|0x00000000c0600000, 0x00000000c06fffe0, 0x00000000c0700000| 99%| O|  |TAMS 0x00000000c06fffe0, 0x00000000c0600000| Untracked 
|   7|0x00000000c0700000, 0x00000000c0800000, 0x00000000c0800000|100%| O|  |TAMS 0x00000000c0800000, 0x00000000c0700000| Untracked 
|   8|0x00000000c0800000, 0x00000000c08ffff8, 0x00000000c0900000| 99%| O|  |TAMS 0x00000000c08ffff8, 0x00000000c0800000| Untracked 
|   9|0x00000000c0900000, 0x00000000c0a00000, 0x00000000c0a00000|100%| O|  |TAMS 0x00000000c0a00000, 0x00000000c0900000| Untracked 
|  10|0x00000000c0a00000, 0x00000000c0b00000, 0x00000000c0b00000|100%| O|  |TAMS 0x00000000c0b00000, 0x00000000c0a00000| Untracked 
|  11|0x00000000c0b00000, 0x00000000c0bfffb8, 0x00000000c0c00000| 99%| O|  |TAMS 0x00000000c0bfffb8, 0x00000000c0b00000| Untracked 
|  12|0x00000000c0c00000, 0x00000000c0cfffc0, 0x00000000c0d00000| 99%| O|  |TAMS 0x00000000c0cfffc0, 0x00000000c0c00000| Untracked 
|  13|0x00000000c0d00000, 0x00000000c0e00000, 0x00000000c0e00000|100%| O|  |TAMS 0x00000000c0e00000, 0x00000000c0d00000| Untracked 
|  14|0x00000000c0e00000, 0x00000000c0effff0, 0x00000000c0f00000| 99%| O|  |TAMS 0x00000000c0effff0, 0x00000000c0e00000| Untracked 
|  15|0x00000000c0f00000, 0x00000000c0fffff0, 0x00000000c1000000| 99%| O|  |TAMS 0x00000000c0fffff0, 0x00000000c0f00000| Untracked 
|  16|0x00000000c1000000, 0x00000000c10ffff8, 0x00000000c1100000| 99%| O|  |TAMS 0x00000000c10ffff8, 0x00000000c1000000| Untracked 
|  17|0x00000000c1100000, 0x00000000c11fff18, 0x00000000c1200000| 99%| O|  |TAMS 0x00000000c11fff18, 0x00000000c1100000| Untracked 
|  18|0x00000000c1200000, 0x00000000c12fffe8, 0x00000000c1300000| 99%| O|  |TAMS 0x00000000c12fffe8, 0x00000000c1200000| Untracked 
|  19|0x00000000c1300000, 0x00000000c1400000, 0x00000000c1400000|100%| O|  |TAMS 0x00000000c1400000, 0x00000000c1300000| Untracked 
|  20|0x00000000c1400000, 0x00000000c1500000, 0x00000000c1500000|100%| O|  |TAMS 0x00000000c1500000, 0x00000000c1400000| Untracked 
|  21|0x00000000c1500000, 0x00000000c15fffe0, 0x00000000c1600000| 99%| O|  |TAMS 0x00000000c15fffe0, 0x00000000c1500000| Untracked 
|  22|0x00000000c1600000, 0x00000000c1700000, 0x00000000c1700000|100%| O|  |TAMS 0x00000000c1700000, 0x00000000c1600000| Untracked 
|  23|0x00000000c1700000, 0x00000000c17fffc0, 0x00000000c1800000| 99%| O|  |TAMS 0x00000000c17fffc0, 0x00000000c1700000| Untracked 
|  24|0x00000000c1800000, 0x00000000c18ffea0, 0x00000000c1900000| 99%| O|  |TAMS 0x00000000c18ffea0, 0x00000000c1800000| Untracked 
|  25|0x00000000c1900000, 0x00000000c195ec10, 0x00000000c1a00000| 37%| O|  |TAMS 0x00000000c1900000, 0x00000000c1900000| Untracked 
|  26|0x00000000c1a00000, 0x00000000c1a02298, 0x00000000c1b00000|  0%| O|  |TAMS 0x00000000c1a00000, 0x00000000c1a00000| Untracked 
|  27|0x00000000c1b00000, 0x00000000c1b00000, 0x00000000c1c00000|  0%| F|  |TAMS 0x00000000c1b00000, 0x00000000c1b00000| Untracked 
|  28|0x00000000c1c00000, 0x00000000c1c00000, 0x00000000c1d00000|  0%| F|  |TAMS 0x00000000c1c00000, 0x00000000c1c00000| Untracked 
|  29|0x00000000c1d00000, 0x00000000c1d00000, 0x00000000c1e00000|  0%| F|  |TAMS 0x00000000c1d00000, 0x00000000c1d00000| Untracked 
|  30|0x00000000c1e00000, 0x00000000c1e00000, 0x00000000c1f00000|  0%| F|  |TAMS 0x00000000c1e00000, 0x00000000c1e00000| Untracked 
|  31|0x00000000c1f00000, 0x00000000c1f00000, 0x00000000c2000000|  0%| F|  |TAMS 0x00000000c1f00000, 0x00000000c1f00000| Untracked 
|  32|0x00000000c2000000, 0x00000000c2000000, 0x00000000c2100000|  0%| F|  |TAMS 0x00000000c2000000, 0x00000000c2000000| Untracked 
|  33|0x00000000c2100000, 0x00000000c2100000, 0x00000000c2200000|  0%| F|  |TAMS 0x00000000c2100000, 0x00000000c2100000| Untracked 
|  34|0x00000000c2200000, 0x00000000c2200000, 0x00000000c2300000|  0%| F|  |TAMS 0x00000000c2200000, 0x00000000c2200000| Untracked 
|  35|0x00000000c2300000, 0x00000000c2300000, 0x00000000c2400000|  0%| F|  |TAMS 0x00000000c2300000, 0x00000000c2300000| Untracked 
|  36|0x00000000c2400000, 0x00000000c2400000, 0x00000000c2500000|  0%| F|  |TAMS 0x00000000c2400000, 0x00000000c2400000| Untracked 
|  37|0x00000000c2500000, 0x00000000c2500000, 0x00000000c2600000|  0%| F|  |TAMS 0x00000000c2500000, 0x00000000c2500000| Untracked 
|  38|0x00000000c2600000, 0x00000000c2600000, 0x00000000c2700000|  0%| F|  |TAMS 0x00000000c2600000, 0x00000000c2600000| Untracked 
|  39|0x00000000c2700000, 0x00000000c2700000, 0x00000000c2800000|  0%| F|  |TAMS 0x00000000c2700000, 0x00000000c2700000| Untracked 
|  40|0x00000000c2800000, 0x00000000c2800000, 0x00000000c2900000|  0%| F|  |TAMS 0x00000000c2800000, 0x00000000c2800000| Untracked 
|  41|0x00000000c2900000, 0x00000000c2900000, 0x00000000c2a00000|  0%| F|  |TAMS 0x00000000c2900000, 0x00000000c2900000| Untracked 
|  42|0x00000000c2a00000, 0x00000000c2a00000, 0x00000000c2b00000|  0%| F|  |TAMS 0x00000000c2a00000, 0x00000000c2a00000| Untracked 
|  43|0x00000000c2b00000, 0x00000000c2b00000, 0x00000000c2c00000|  0%| F|  |TAMS 0x00000000c2b00000, 0x00000000c2b00000| Untracked 
|  44|0x00000000c2c00000, 0x00000000c2c00000, 0x00000000c2d00000|  0%| F|  |TAMS 0x00000000c2c00000, 0x00000000c2c00000| Untracked 
|  45|0x00000000c2d00000, 0x00000000c2d00000, 0x00000000c2e00000|  0%| F|  |TAMS 0x00000000c2d00000, 0x00000000c2d00000| Untracked 
|  46|0x00000000c2e00000, 0x00000000c2e00000, 0x00000000c2f00000|  0%| F|  |TAMS 0x00000000c2e00000, 0x00000000c2e00000| Untracked 
|  47|0x00000000c2f00000, 0x00000000c2f00000, 0x00000000c3000000|  0%| F|  |TAMS 0x00000000c2f00000, 0x00000000c2f00000| Untracked 
|  48|0x00000000c3000000, 0x00000000c3000000, 0x00000000c3100000|  0%| F|  |TAMS 0x00000000c3000000, 0x00000000c3000000| Untracked 
|  49|0x00000000c3100000, 0x00000000c3100000, 0x00000000c3200000|  0%| F|  |TAMS 0x00000000c3100000, 0x00000000c3100000| Untracked 
|  50|0x00000000c3200000, 0x00000000c3200000, 0x00000000c3300000|  0%| F|  |TAMS 0x00000000c3200000, 0x00000000c3200000| Untracked 
|  51|0x00000000c3300000, 0x00000000c3300000, 0x00000000c3400000|  0%| F|  |TAMS 0x00000000c3300000, 0x00000000c3300000| Untracked 
|  52|0x00000000c3400000, 0x00000000c3400000, 0x00000000c3500000|  0%| F|  |TAMS 0x00000000c3400000, 0x00000000c3400000| Untracked 
|  53|0x00000000c3500000, 0x00000000c3500000, 0x00000000c3600000|  0%| F|  |TAMS 0x00000000c3500000, 0x00000000c3500000| Untracked 
|  54|0x00000000c3600000, 0x00000000c3600000, 0x00000000c3700000|  0%| F|  |TAMS 0x00000000c3600000, 0x00000000c3600000| Untracked 
|  55|0x00000000c3700000, 0x00000000c3700000, 0x00000000c3800000|  0%| F|  |TAMS 0x00000000c3700000, 0x00000000c3700000| Untracked 
|  56|0x00000000c3800000, 0x00000000c3800000, 0x00000000c3900000|  0%| F|  |TAMS 0x00000000c3800000, 0x00000000c3800000| Untracked 
|  57|0x00000000c3900000, 0x00000000c3900000, 0x00000000c3a00000|  0%| F|  |TAMS 0x00000000c3900000, 0x00000000c3900000| Untracked 
|  58|0x00000000c3a00000, 0x00000000c3a00000, 0x00000000c3b00000|  0%| F|  |TAMS 0x00000000c3a00000, 0x00000000c3a00000| Untracked 
|  59|0x00000000c3b00000, 0x00000000c3b00000, 0x00000000c3c00000|  0%| F|  |TAMS 0x00000000c3b00000, 0x00000000c3b00000| Untracked 
|  60|0x00000000c3c00000, 0x00000000c3c00000, 0x00000000c3d00000|  0%| F|  |TAMS 0x00000000c3c00000, 0x00000000c3c00000| Untracked 
|  61|0x00000000c3d00000, 0x00000000c3d00000, 0x00000000c3e00000|  0%| F|  |TAMS 0x00000000c3d00000, 0x00000000c3d00000| Untracked 
|  62|0x00000000c3e00000, 0x00000000c3e00000, 0x00000000c3f00000|  0%| F|  |TAMS 0x00000000c3e00000, 0x00000000c3e00000| Untracked 
|  63|0x00000000c3f00000, 0x00000000c3f00000, 0x00000000c4000000|  0%| F|  |TAMS 0x00000000c3f00000, 0x00000000c3f00000| Untracked 
|  64|0x00000000c4000000, 0x00000000c4000000, 0x00000000c4100000|  0%| F|  |TAMS 0x00000000c4000000, 0x00000000c4000000| Untracked 
|  65|0x00000000c4100000, 0x00000000c4100000, 0x00000000c4200000|  0%| F|  |TAMS 0x00000000c4100000, 0x00000000c4100000| Untracked 
|  66|0x00000000c4200000, 0x00000000c4200000, 0x00000000c4300000|  0%| F|  |TAMS 0x00000000c4200000, 0x00000000c4200000| Untracked 
|  67|0x00000000c4300000, 0x00000000c4300000, 0x00000000c4400000|  0%| F|  |TAMS 0x00000000c4300000, 0x00000000c4300000| Untracked 
|  68|0x00000000c4400000, 0x00000000c4400000, 0x00000000c4500000|  0%| F|  |TAMS 0x00000000c4400000, 0x00000000c4400000| Untracked 
|  69|0x00000000c4500000, 0x00000000c4500000, 0x00000000c4600000|  0%| F|  |TAMS 0x00000000c4500000, 0x00000000c4500000| Untracked 
|  70|0x00000000c4600000, 0x00000000c4600000, 0x00000000c4700000|  0%| F|  |TAMS 0x00000000c4600000, 0x00000000c4600000| Untracked 
|  71|0x00000000c4700000, 0x00000000c4700000, 0x00000000c4800000|  0%| F|  |TAMS 0x00000000c4700000, 0x00000000c4700000| Untracked 
|  72|0x00000000c4800000, 0x00000000c4800000, 0x00000000c4900000|  0%| F|  |TAMS 0x00000000c4800000, 0x00000000c4800000| Untracked 
|  73|0x00000000c4900000, 0x00000000c4900000, 0x00000000c4a00000|  0%| F|  |TAMS 0x00000000c4900000, 0x00000000c4900000| Untracked 
|  74|0x00000000c4a00000, 0x00000000c4a00000, 0x00000000c4b00000|  0%| F|  |TAMS 0x00000000c4a00000, 0x00000000c4a00000| Untracked 
|  75|0x00000000c4b00000, 0x00000000c4b00000, 0x00000000c4c00000|  0%| F|  |TAMS 0x00000000c4b00000, 0x00000000c4b00000| Untracked 
|  76|0x00000000c4c00000, 0x00000000c4c00000, 0x00000000c4d00000|  0%| F|  |TAMS 0x00000000c4c00000, 0x00000000c4c00000| Untracked 
|  77|0x00000000c4d00000, 0x00000000c4d00000, 0x00000000c4e00000|  0%| F|  |TAMS 0x00000000c4d00000, 0x00000000c4d00000| Untracked 
|  78|0x00000000c4e00000, 0x00000000c4e00000, 0x00000000c4f00000|  0%| F|  |TAMS 0x00000000c4e00000, 0x00000000c4e00000| Untracked 
|  79|0x00000000c4f00000, 0x00000000c4f00000, 0x00000000c5000000|  0%| F|  |TAMS 0x00000000c4f00000, 0x00000000c4f00000| Untracked 
|  80|0x00000000c5000000, 0x00000000c5000000, 0x00000000c5100000|  0%| F|  |TAMS 0x00000000c5000000, 0x00000000c5000000| Untracked 
|  81|0x00000000c5100000, 0x00000000c5100000, 0x00000000c5200000|  0%| F|  |TAMS 0x00000000c5100000, 0x00000000c5100000| Untracked 
|  82|0x00000000c5200000, 0x00000000c5200000, 0x00000000c5300000|  0%| F|  |TAMS 0x00000000c5200000, 0x00000000c5200000| Untracked 
|  83|0x00000000c5300000, 0x00000000c5300000, 0x00000000c5400000|  0%| F|  |TAMS 0x00000000c5300000, 0x00000000c5300000| Untracked 
|  84|0x00000000c5400000, 0x00000000c5400000, 0x00000000c5500000|  0%| F|  |TAMS 0x00000000c5400000, 0x00000000c5400000| Untracked 
|  85|0x00000000c5500000, 0x00000000c5500000, 0x00000000c5600000|  0%| F|  |TAMS 0x00000000c5500000, 0x00000000c5500000| Untracked 
|  86|0x00000000c5600000, 0x00000000c562aa30, 0x00000000c5700000| 16%| E|  |TAMS 0x00000000c5600000, 0x00000000c5600000| Complete 

Card table byte_map: [0x000001530f8c0000,0x000001530fac0000] _byte_map_base: 0x000001530f2c0000

Marking Bits (Prev, Next): (CMBitMap*) 0x0000015309744760, (CMBitMap*) 0x0000015309744720
 Prev Bits: [0x0000015310cc0000, 0x0000015311cc0000)
 Next Bits: [0x000001530fcc0000, 0x0000015310cc0000)

Polling page: 0x00000153074b0000

Metaspace:

Usage:
  Non-class:     40.58 MB used.
      Class:      5.99 MB used.
       Both:     46.58 MB used.

Virtual space:
  Non-class space:       64.00 MB reserved,      41.00 MB ( 64%) committed,  1 nodes.
      Class space:        1.00 GB reserved,       6.25 MB ( <1%) committed,  1 nodes.
             Both:        1.06 GB reserved,      47.25 MB (  4%) committed. 

Chunk freelists:
   Non-Class:  7.03 MB
       Class:  9.88 MB
        Both:  16.92 MB

MaxMetaspaceSize: unlimited
CompressedClassSpaceSize: 1.00 GB
Initial GC threshold: 21.00 MB
Current GC threshold: 78.69 MB
CDS: off
MetaspaceReclaimPolicy: balanced
 - commit_granule_bytes: 65536.
 - commit_granule_words: 8192.
 - virtual_space_node_default_size: 8388608.
 - enlarge_chunks_in_place: 1.
 - new_chunks_are_fully_committed: 0.
 - uncommit_free_chunks: 1.
 - use_allocation_guard: 0.
 - handle_deallocations: 1.


Internal statistics:

num_allocs_failed_limit: 6.
num_arena_births: 584.
num_arena_deaths: 204.
num_vsnodes_births: 2.
num_vsnodes_deaths: 0.
num_space_committed: 756.
num_space_uncommitted: 0.
num_chunks_returned_to_freelist: 245.
num_chunks_taken_from_freelist: 2001.
num_chunk_merges: 79.
num_chunk_splits: 1378.
num_chunks_enlarged: 1035.
num_inconsistent_stats: 0.

CodeCache: size=49152Kb used=8013Kb max_used=9670Kb free=41138Kb
 bounds [0x000001530c390000, 0x000001530cd10000, 0x000001530f390000]
 total_blobs=5059 nmethods=4440 adapters=545
 compilation: enabled
              stopped_count=0, restarted_count=0
 full_count=0

Compilation events (20 events):
Event: 413.082 Thread 0x00000153149e85f0 4429       1       java.util.concurrent.ScheduledThreadPoolExecutor::canRunInCurrentRunState (61 bytes)
Event: 413.084 Thread 0x00000153149e85f0 nmethod 4429 0x000001530c52f310 code [0x000001530c52f4e0, 0x000001530c52f7b8]
Event: 451.418 Thread 0x00000153149e85f0 4431       1       java.lang.Integer::toString (55 bytes)
Event: 451.420 Thread 0x00000153149e85f0 nmethod 4431 0x000001530c52ea90 code [0x000001530c52ec40, 0x000001530c52ee58]
Event: 512.767 Thread 0x00000153149e85f0 4432       1       java.util.concurrent.locks.LockSupport::parkNanos (29 bytes)
Event: 512.769 Thread 0x00000153149e85f0 nmethod 4432 0x000001530c52e690 code [0x000001530c52e840, 0x000001530c52ea28]
Event: 563.531 Thread 0x00000153149e85f0 4433       1       java.lang.Integer::toString (8 bytes)
Event: 563.531 Thread 0x00000153149e85f0 nmethod 4433 0x000001530c52e390 code [0x000001530c52e520, 0x000001530c52e608]
Event: 604.307 Thread 0x00000153149e85f0 4434       1       java.lang.invoke.LambdaForm$MH/0x000000010008c400::invoke (27 bytes)
Event: 604.308 Thread 0x00000153149e85f0 nmethod 4434 0x000001530c52df90 code [0x000001530c52e140, 0x000001530c52e298]
Event: 604.308 Thread 0x00000153149e85f0 4435       1       java.lang.StringConcatHelper::newArrayWithSuffix (40 bytes)
Event: 604.309 Thread 0x00000153149e85f0 nmethod 4435 0x000001530c52d990 code [0x000001530c52db60, 0x000001530c52ddd8]
Event: 604.467 Thread 0x00000153149e85f0 4436       1       java.util.concurrent.ThreadPoolExecutor::getQueue (5 bytes)
Event: 604.469 Thread 0x00000153149e85f0 nmethod 4436 0x000001530c52d690 code [0x000001530c52d820, 0x000001530c52d8f8]
Event: 604.469 Thread 0x00000153149e85f0 4437       1       java.util.concurrent.TimeUnit::convert (77 bytes)
Event: 604.470 Thread 0x00000153149e85f0 nmethod 4437 0x000001530c52d090 code [0x000001530c52d280, 0x000001530c52d508]
Event: 613.069 Thread 0x00000153149e85f0 4438       1       java.util.concurrent.ScheduledThreadPoolExecutor$DelayedWorkQueue::setIndex (16 bytes)
Event: 613.069 Thread 0x00000153149e85f0 nmethod 4438 0x000001530c52cd10 code [0x000001530c52cea0, 0x000001530c52cfb8]
Event: 624.806 Thread 0x00000153149e85f0 4439       1       java.util.concurrent.ScheduledThreadPoolExecutor$ScheduledFutureTask::getDelay (16 bytes)
Event: 624.806 Thread 0x00000153149e85f0 nmethod 4439 0x000001530c52c990 code [0x000001530c52cb20, 0x000001530c52cc48]

GC Heap History (20 events):
Event: 604.452 GC heap before
{Heap before GC invocations=65 (full 55):
 garbage-first heap   total 89088K, used 25986K [0x00000000c0000000, 0x0000000100000000)
  region size 1024K, 1 young (1024K), 0 survivors (0K)
 Metaspace       used 47694K, committed 48384K, reserved 1114112K
  class space    used 6137K, committed 6400K, reserved 1048576K
}
Event: 604.466 GC heap after
{Heap after GC invocations=66 (full 56):
 garbage-first heap   total 89088K, used 25986K [0x00000000c0000000, 0x0000000100000000)
  region size 1024K, 0 young (0K), 0 survivors (0K)
 Metaspace       used 47694K, committed 48384K, reserved 1114112K
  class space    used 6137K, committed 6400K, reserved 1048576K
}
Event: 614.622 GC heap before
{Heap before GC invocations=66 (full 56):
 garbage-first heap   total 89088K, used 25986K [0x00000000c0000000, 0x0000000100000000)
  region size 1024K, 1 young (1024K), 0 survivors (0K)
 Metaspace       used 47694K, committed 48384K, reserved 1114112K
  class space    used 6137K, committed 6400K, reserved 1048576K
}
Event: 614.636 GC heap after
{Heap after GC invocations=67 (full 57):
 garbage-first heap   total 89088K, used 25986K [0x00000000c0000000, 0x0000000100000000)
  region size 1024K, 0 young (0K), 0 survivors (0K)
 Metaspace       used 47694K, committed 48384K, reserved 1114112K
  class space    used 6137K, committed 6400K, reserved 1048576K
}
Event: 624.789 GC heap before
{Heap before GC invocations=67 (full 57):
 garbage-first heap   total 89088K, used 25986K [0x00000000c0000000, 0x0000000100000000)
  region size 1024K, 1 young (1024K), 0 survivors (0K)
 Metaspace       used 47694K, committed 48384K, reserved 1114112K
  class space    used 6137K, committed 6400K, reserved 1048576K
}
Event: 624.805 GC heap after
{Heap after GC invocations=68 (full 58):
 garbage-first heap   total 89088K, used 25986K [0x00000000c0000000, 0x0000000100000000)
  region size 1024K, 0 young (0K), 0 survivors (0K)
 Metaspace       used 47694K, committed 48384K, reserved 1114112K
  class space    used 6137K, committed 6400K, reserved 1048576K
}
Event: 634.965 GC heap before
{Heap before GC invocations=68 (full 58):
 garbage-first heap   total 89088K, used 25986K [0x00000000c0000000, 0x0000000100000000)
  region size 1024K, 1 young (1024K), 0 survivors (0K)
 Metaspace       used 47694K, committed 48384K, reserved 1114112K
  class space    used 6137K, committed 6400K, reserved 1048576K
}
Event: 634.980 GC heap after
{Heap after GC invocations=69 (full 59):
 garbage-first heap   total 89088K, used 25986K [0x00000000c0000000, 0x0000000100000000)
  region size 1024K, 0 young (0K), 0 survivors (0K)
 Metaspace       used 47694K, committed 48384K, reserved 1114112K
  class space    used 6137K, committed 6400K, reserved 1048576K
}
Event: 645.146 GC heap before
{Heap before GC invocations=69 (full 59):
 garbage-first heap   total 89088K, used 25986K [0x00000000c0000000, 0x0000000100000000)
  region size 1024K, 1 young (1024K), 0 survivors (0K)
 Metaspace       used 47694K, committed 48384K, reserved 1114112K
  class space    used 6137K, committed 6400K, reserved 1048576K
}
Event: 645.159 GC heap after
{Heap after GC invocations=70 (full 60):
 garbage-first heap   total 89088K, used 25986K [0x00000000c0000000, 0x0000000100000000)
  region size 1024K, 0 young (0K), 0 survivors (0K)
 Metaspace       used 47694K, committed 48384K, reserved 1114112K
  class space    used 6137K, committed 6400K, reserved 1048576K
}
Event: 655.326 GC heap before
{Heap before GC invocations=70 (full 60):
 garbage-first heap   total 89088K, used 25986K [0x00000000c0000000, 0x0000000100000000)
  region size 1024K, 1 young (1024K), 0 survivors (0K)
 Metaspace       used 47694K, committed 48384K, reserved 1114112K
  class space    used 6137K, committed 6400K, reserved 1048576K
}
Event: 655.342 GC heap after
{Heap after GC invocations=71 (full 61):
 garbage-first heap   total 89088K, used 25986K [0x00000000c0000000, 0x0000000100000000)
  region size 1024K, 0 young (0K), 0 survivors (0K)
 Metaspace       used 47694K, committed 48384K, reserved 1114112K
  class space    used 6137K, committed 6400K, reserved 1048576K
}
Event: 665.497 GC heap before
{Heap before GC invocations=71 (full 61):
 garbage-first heap   total 89088K, used 25986K [0x00000000c0000000, 0x0000000100000000)
  region size 1024K, 1 young (1024K), 0 survivors (0K)
 Metaspace       used 47694K, committed 48384K, reserved 1114112K
  class space    used 6137K, committed 6400K, reserved 1048576K
}
Event: 665.509 GC heap after
{Heap after GC invocations=72 (full 62):
 garbage-first heap   total 89088K, used 25986K [0x00000000c0000000, 0x0000000100000000)
  region size 1024K, 0 young (0K), 0 survivors (0K)
 Metaspace       used 47694K, committed 48384K, reserved 1114112K
  class space    used 6137K, committed 6400K, reserved 1048576K
}
Event: 675.670 GC heap before
{Heap before GC invocations=72 (full 62):
 garbage-first heap   total 89088K, used 25986K [0x00000000c0000000, 0x0000000100000000)
  region size 1024K, 1 young (1024K), 0 survivors (0K)
 Metaspace       used 47694K, committed 48384K, reserved 1114112K
  class space    used 6137K, committed 6400K, reserved 1048576K
}
Event: 675.686 GC heap after
{Heap after GC invocations=73 (full 63):
 garbage-first heap   total 89088K, used 25986K [0x00000000c0000000, 0x0000000100000000)
  region size 1024K, 0 young (0K), 0 survivors (0K)
 Metaspace       used 47694K, committed 48384K, reserved 1114112K
  class space    used 6137K, committed 6400K, reserved 1048576K
}
Event: 685.858 GC heap before
{Heap before GC invocations=73 (full 63):
 garbage-first heap   total 89088K, used 25986K [0x00000000c0000000, 0x0000000100000000)
  region size 1024K, 1 young (1024K), 0 survivors (0K)
 Metaspace       used 47694K, committed 48384K, reserved 1114112K
  class space    used 6137K, committed 6400K, reserved 1048576K
}
Event: 685.873 GC heap after
{Heap after GC invocations=74 (full 64):
 garbage-first heap   total 89088K, used 25986K [0x00000000c0000000, 0x0000000100000000)
  region size 1024K, 0 young (0K), 0 survivors (0K)
 Metaspace       used 47694K, committed 48384K, reserved 1114112K
  class space    used 6137K, committed 6400K, reserved 1048576K
}
Event: 696.043 GC heap before
{Heap before GC invocations=74 (full 64):
 garbage-first heap   total 89088K, used 25986K [0x00000000c0000000, 0x0000000100000000)
  region size 1024K, 1 young (1024K), 0 survivors (0K)
 Metaspace       used 47694K, committed 48384K, reserved 1114112K
  class space    used 6137K, committed 6400K, reserved 1048576K
}
Event: 696.058 GC heap after
{Heap after GC invocations=75 (full 65):
 garbage-first heap   total 89088K, used 25986K [0x00000000c0000000, 0x0000000100000000)
  region size 1024K, 0 young (0K), 0 survivors (0K)
 Metaspace       used 47694K, committed 48384K, reserved 1114112K
  class space    used 6137K, committed 6400K, reserved 1048576K
}

Dll operation events (10 events):
Event: 0.010 Loaded shared library c:\Users\julia\.vscode\extensions\redhat.java-1.29.0-win32-x64\jre\17.0.10-win32-x86_64\bin\java.dll
Event: 0.151 Loaded shared library C:\Users\julia\.vscode\extensions\redhat.java-1.29.0-win32-x64\jre\17.0.10-win32-x86_64\bin\net.dll
Event: 0.154 Loaded shared library C:\Users\julia\.vscode\extensions\redhat.java-1.29.0-win32-x64\jre\17.0.10-win32-x86_64\bin\nio.dll
Event: 0.163 Loaded shared library C:\Users\julia\.vscode\extensions\redhat.java-1.29.0-win32-x64\jre\17.0.10-win32-x86_64\bin\zip.dll
Event: 0.910 Loaded shared library C:\Users\julia\.vscode\extensions\redhat.java-1.29.0-win32-x64\jre\17.0.10-win32-x86_64\bin\jimage.dll
Event: 1.805 Loaded shared library c:\Users\julia\.vscode\extensions\redhat.java-1.29.0-win32-x64\jre\17.0.10-win32-x86_64\bin\verify.dll
Event: 3.130 Loaded shared library C:\Users\julia\.vscode\extensions\redhat.java-1.29.0-win32-x64\jre\17.0.10-win32-x86_64\bin\management.dll
Event: 3.134 Loaded shared library C:\Users\julia\.vscode\extensions\redhat.java-1.29.0-win32-x64\jre\17.0.10-win32-x86_64\bin\management_ext.dll
Event: 4.043 Loaded shared library C:\Users\julia\.vscode\extensions\redhat.java-1.29.0-win32-x64\jre\17.0.10-win32-x86_64\bin\sunmscapi.dll
Event: 4.288 Loaded shared library C:\Users\julia\.vscode\extensions\redhat.java-1.29.0-win32-x64\jre\17.0.10-win32-x86_64\bin\extnet.dll

Deoptimization events (6 events):
Event: 3.386 Thread 0x000001531a45c1e0 DEOPT PACKING pc=0x000001530c8bc101 sp=0x0000002933bfd810
Event: 3.386 Thread 0x000001531a45c1e0 DEOPT UNPACKING pc=0x000001530c3e7143 sp=0x0000002933bfcca0 mode 3
Event: 3.408 Thread 0x000001531a6c8fb0 DEOPT PACKING pc=0x000001530c899417 sp=0x00000029341fedd0
Event: 3.408 Thread 0x000001531a6c8fb0 DEOPT UNPACKING pc=0x000001530c3e7143 sp=0x00000029341fe228 mode 3
Event: 4.079 Thread 0x000001531a6c94c0 DEOPT PACKING pc=0x000001530c60028c sp=0x00000029343fac20
Event: 4.079 Thread 0x000001531a6c94c0 DEOPT UNPACKING pc=0x000001530c3e7143 sp=0x00000029343fa0e8 mode 0

Classes unloaded (20 events):
Event: 84.017 Thread 0x0000015314989ea0 Unloading class 0x0000000100094800 'java/lang/invoke/LambdaForm$MH+0x0000000100094800'
Event: 84.017 Thread 0x0000015314989ea0 Unloading class 0x0000000100094400 'java/lang/invoke/LambdaForm$MH+0x0000000100094400'
Event: 84.017 Thread 0x0000015314989ea0 Unloading class 0x000000010008e800 'java/lang/invoke/LambdaForm$MH+0x000000010008e800'
Event: 84.017 Thread 0x0000015314989ea0 Unloading class 0x000000010008e400 'java/lang/invoke/LambdaForm$MH+0x000000010008e400'
Event: 84.017 Thread 0x0000015314989ea0 Unloading class 0x000000010008e000 'java/lang/invoke/LambdaForm$MH+0x000000010008e000'
Event: 84.017 Thread 0x0000015314989ea0 Unloading class 0x000000010008dc00 'java/lang/invoke/LambdaForm$MH+0x000000010008dc00'
Event: 84.017 Thread 0x0000015314989ea0 Unloading class 0x000000010008d800 'java/lang/invoke/LambdaForm$MH+0x000000010008d800'
Event: 84.017 Thread 0x0000015314989ea0 Unloading class 0x000000010008d400 'java/lang/invoke/LambdaForm$MH+0x000000010008d400'
Event: 84.017 Thread 0x0000015314989ea0 Unloading class 0x000000010008cc00 'java/lang/invoke/LambdaForm$MH+0x000000010008cc00'
Event: 84.017 Thread 0x0000015314989ea0 Unloading class 0x000000010008c800 'java/lang/invoke/LambdaForm$MH+0x000000010008c800'
Event: 84.017 Thread 0x0000015314989ea0 Unloading class 0x000000010008c000 'java/lang/invoke/LambdaForm$MH+0x000000010008c000'
Event: 84.017 Thread 0x0000015314989ea0 Unloading class 0x000000010008bc00 'java/lang/invoke/LambdaForm$MH+0x000000010008bc00'
Event: 84.017 Thread 0x0000015314989ea0 Unloading class 0x000000010008ac00 'java/lang/invoke/LambdaForm$MH+0x000000010008ac00'
Event: 84.017 Thread 0x0000015314989ea0 Unloading class 0x000000010008a400 'java/lang/invoke/LambdaForm$MH+0x000000010008a400'
Event: 84.017 Thread 0x0000015314989ea0 Unloading class 0x000000010008a000 'java/lang/invoke/LambdaForm$MH+0x000000010008a000'
Event: 84.017 Thread 0x0000015314989ea0 Unloading class 0x0000000100089c00 'java/lang/invoke/LambdaForm$MH+0x0000000100089c00'
Event: 84.017 Thread 0x0000015314989ea0 Unloading class 0x0000000100089800 'java/lang/invoke/LambdaForm$MH+0x0000000100089800'
Event: 84.017 Thread 0x0000015314989ea0 Unloading class 0x0000000100089400 'java/lang/invoke/LambdaForm$MH+0x0000000100089400'
Event: 84.017 Thread 0x0000015314989ea0 Unloading class 0x0000000100088c00 'java/lang/invoke/LambdaForm$MH+0x0000000100088c00'
Event: 84.017 Thread 0x0000015314989ea0 Unloading class 0x0000000100088400 'java/lang/invoke/LambdaForm$MH+0x0000000100088400'

Classes redefined (0 events):
No events

Internal exceptions (20 events):
Event: 3.464 Thread 0x000001531a6c8fb0 Exception <a 'sun/nio/fs/WindowsException'{0x00000000c48b65f8}> (0x00000000c48b65f8) 
thrown [s\src\hotspot\share\prims\jni.cpp, line 516]
Event: 3.464 Thread 0x000001531a6c8fb0 Exception <a 'sun/nio/fs/WindowsException'{0x00000000c48b71a0}> (0x00000000c48b71a0) 
thrown [s\src\hotspot\share\prims\jni.cpp, line 516]
Event: 3.464 Thread 0x000001531a6c8fb0 Exception <a 'sun/nio/fs/WindowsException'{0x00000000c48b7e10}> (0x00000000c48b7e10) 
thrown [s\src\hotspot\share\prims\jni.cpp, line 516]
Event: 3.464 Thread 0x000001531a6c8fb0 Exception <a 'sun/nio/fs/WindowsException'{0x00000000c48b8af0}> (0x00000000c48b8af0) 
thrown [s\src\hotspot\share\prims\jni.cpp, line 516]
Event: 3.464 Thread 0x000001531a6c8fb0 Exception <a 'sun/nio/fs/WindowsException'{0x00000000c48bfda0}> (0x00000000c48bfda0) 
thrown [s\src\hotspot\share\prims\jni.cpp, line 516]
Event: 3.464 Thread 0x000001531a6c8fb0 Exception <a 'sun/nio/fs/WindowsException'{0x00000000c48c0948}> (0x00000000c48c0948) 
thrown [s\src\hotspot\share\prims\jni.cpp, line 516]
Event: 3.464 Thread 0x000001531a6c8fb0 Exception <a 'sun/nio/fs/WindowsException'{0x00000000c48c14a0}> (0x00000000c48c14a0) 
thrown [s\src\hotspot\share\prims\jni.cpp, line 516]
Event: 3.464 Thread 0x000001531a6c8fb0 Exception <a 'sun/nio/fs/WindowsException'{0x00000000c48c2048}> (0x00000000c48c2048) 
thrown [s\src\hotspot\share\prims\jni.cpp, line 516]
Event: 3.464 Thread 0x000001531a6c8fb0 Exception <a 'sun/nio/fs/WindowsException'{0x00000000c48c2cb8}> (0x00000000c48c2cb8) 
thrown [s\src\hotspot\share\prims\jni.cpp, line 516]
Event: 3.464 Thread 0x000001531a6c8fb0 Exception <a 'sun/nio/fs/WindowsException'{0x00000000c48c3998}> (0x00000000c48c3998) 
thrown [s\src\hotspot\share\prims\jni.cpp, line 516]
Event: 3.468 Thread 0x000001531a6c8fb0 Exception <a 'sun/nio/fs/WindowsException'{0x00000000c48e8da0}> (0x00000000c48e8da0) 
thrown [s\src\hotspot\share\prims\jni.cpp, line 516]
Event: 3.938 Thread 0x000001531a6c94c0 Exception <a 'java/lang/NoSuchMethodError'{0x00000000c47e7950}: 'void java.lang.invoke.DirectMethodHandle$Holder.invokeVirtual(java.lang.Object, java.lang.Object, java.lang.Object, java.lang.Object)'> (0x00000000c47e7950) 
thrown [s\src\hotspot\share\interpreter\linkResolver.cpp, line 759]
Event: 3.995 Thread 0x000001531a6c94c0 Exception <a 'java/lang/NoSuchMethodError'{0x00000000c42b1db0}: 'java.lang.Object java.lang.invoke.DirectMethodHandle$Holder.invokeStatic(java.lang.Object, java.lang.Object, int, java.lang.Object)'> (0x00000000c42b1db0) 
thrown [s\src\hotspot\share\interpreter\linkResolver.cpp, line 759]
Event: 3.996 Thread 0x000001531a6c94c0 Exception <a 'java/lang/NoSuchMethodError'{0x00000000c42b8190}: 'java.lang.Object java.lang.invoke.DirectMethodHandle$Holder.newInvokeSpecial(java.lang.Object, java.lang.Object, int)'> (0x00000000c42b8190) 
thrown [s\src\hotspot\share\interpreter\linkResolver.cpp, line 759]
Event: 4.076 Thread 0x000001531a6c94c0 Exception <a 'sun/nio/fs/WindowsException'{0x00000000c38d84f0}> (0x00000000c38d84f0) 
thrown [s\src\hotspot\share\prims\jni.cpp, line 516]
Event: 43.130 Thread 0x000001531a680c70 Exception <a 'java/lang/NoSuchMethodError'{0x00000000c5c02c90}: 'void java.lang.invoke.DirectMethodHandle$Holder.invokeStatic(java.lang.Object, long)'> (0x00000000c5c02c90) 
thrown [s\src\hotspot\share\interpreter\linkResolver.cpp, line 759]
Event: 43.131 Thread 0x000001531a680c70 Exception <a 'java/lang/NoSuchMethodError'{0x00000000c5c08038}: 'java.lang.Object java.lang.invoke.DirectMethodHandle$Holder.newInvokeSpecial(java.lang.Object, long)'> (0x00000000c5c08038) 
thrown [s\src\hotspot\share\interpreter\linkResolver.cpp, line 759]
Event: 304.910 Thread 0x000001531a6c9ee0 Exception <a 'java/io/IOException'{0x00000000c5dab538}> (0x00000000c5dab538) 
thrown [s\src\hotspot\share\prims\jni.cpp, line 516]
Event: 305.210 Thread 0x000001531a6cae10 Exception <a 'java/io/IOException'{0x00000000c5dc1468}> (0x00000000c5dc1468) 
thrown [s\src\hotspot\share\prims\jni.cpp, line 516]
Event: 305.694 Thread 0x000001531a6c8590 Exception <a 'java/io/IOException'{0x00000000c5dd6458}> (0x00000000c5dd6458) 
thrown [s\src\hotspot\share\prims\jni.cpp, line 516]

VM Operations (20 events):
Event: 604.467 Executing VM operation: G1CollectFull done
Event: 614.622 Executing VM operation: G1CollectFull
Event: 614.636 Executing VM operation: G1CollectFull done
Event: 624.789 Executing VM operation: G1CollectFull
Event: 624.805 Executing VM operation: G1CollectFull done
Event: 634.965 Executing VM operation: G1CollectFull
Event: 634.980 Executing VM operation: G1CollectFull done
Event: 645.146 Executing VM operation: G1CollectFull
Event: 645.159 Executing VM operation: G1CollectFull done
Event: 655.325 Executing VM operation: G1CollectFull
Event: 655.342 Executing VM operation: G1CollectFull done
Event: 665.497 Executing VM operation: G1CollectFull
Event: 665.510 Executing VM operation: G1CollectFull done
Event: 675.670 Executing VM operation: G1CollectFull
Event: 675.686 Executing VM operation: G1CollectFull done
Event: 685.858 Executing VM operation: G1CollectFull
Event: 685.873 Executing VM operation: G1CollectFull done
Event: 696.043 Executing VM operation: G1CollectFull
Event: 696.058 Executing VM operation: G1CollectFull done
Event: 706.324 Executing VM operation: G1CollectFull

Events (20 events):
Event: 304.900 loading class sun/nio/ch/SocketOptionRegistry$LazyInitialization done
Event: 304.900 loading class sun/nio/ch/OptionKey
Event: 304.900 loading class sun/nio/ch/OptionKey done
Event: 304.900 loading class sun/nio/ch/ExtendedSocketOption
Event: 304.900 loading class sun/nio/ch/ExtendedSocketOption done
Event: 304.900 loading class sun/nio/ch/ExtendedSocketOption$1
Event: 304.900 loading class sun/nio/ch/ExtendedSocketOption$1 done
Event: 304.901 loading class sun/security/ssl/Alert
Event: 304.902 loading class sun/security/ssl/Alert done
Event: 304.902 loading class sun/security/ssl/Alert$AlertConsumer
Event: 304.903 loading class sun/security/ssl/Alert$AlertConsumer done
Event: 304.903 loading class sun/security/ssl/Alert$Level
Event: 304.903 loading class sun/security/ssl/Alert$Level done
Event: 304.910 loading class sun/net/ConnectionResetException
Event: 304.912 loading class sun/net/ConnectionResetException done
Event: 364.921 Thread 0x00000153197e1910 Thread exited: 0x00000153197e1910
Event: 365.225 Thread 0x000001531a6cae10 Thread exited: 0x000001531a6cae10
Event: 365.226 Thread 0x00000153197e3c80 Thread exited: 0x00000153197e3c80
Event: 365.711 Thread 0x000001531a6c9ee0 Thread exited: 0x000001531a6c9ee0
Event: 365.711 Thread 0x000001531a6c8590 Thread exited: 0x000001531a6c8590


Dynamic libraries:
0x00007ff6164c0000 - 0x00007ff6164ce000 	c:\Users\julia\.vscode\extensions\redhat.java-1.29.0-win32-x64\jre\17.0.10-win32-x86_64\bin\java.exe
0x00007ff9035d0000 - 0x00007ff9037e6000 	C:\Windows\SYSTEM32\ntdll.dll
0x00007ff901770000 - 0x00007ff901834000 	C:\Windows\System32\KERNEL32.DLL
0x00007ff900ee0000 - 0x00007ff901287000 	C:\Windows\System32\KERNELBASE.dll
0x00007ff900d10000 - 0x00007ff900e21000 	C:\Windows\System32\ucrtbase.dll
0x00007ff8d3870000 - 0x00007ff8d388b000 	c:\Users\julia\.vscode\extensions\redhat.java-1.29.0-win32-x64\jre\17.0.10-win32-x86_64\bin\VCRUNTIME140.dll
0x00007ff8d39a0000 - 0x00007ff8d39b7000 	c:\Users\julia\.vscode\extensions\redhat.java-1.29.0-win32-x64\jre\17.0.10-win32-x86_64\bin\jli.dll
0x00007ff902190000 - 0x00007ff90233e000 	C:\Windows\System32\USER32.dll
0x00007ff900e30000 - 0x00007ff900e56000 	C:\Windows\System32\win32u.dll
0x00007ff902750000 - 0x00007ff902779000 	C:\Windows\System32\GDI32.dll
0x00007ff9008f0000 - 0x00007ff900a09000 	C:\Windows\System32\gdi32full.dll
0x00007ff900b80000 - 0x00007ff900c1a000 	C:\Windows\System32\msvcp_win.dll
0x00007ff8ffc40000 - 0x00007ff8ffed3000 	C:\Windows\WinSxS\amd64_microsoft.windows.common-controls_6595b64144ccf1df_6.0.22621.3235_none_270f74e173860f98\COMCTL32.dll
0x00007ff901a80000 - 0x00007ff901b27000 	C:\Windows\System32\msvcrt.dll
0x00007ff9029e0000 - 0x00007ff902a11000 	C:\Windows\System32\IMM32.DLL
0x00007ff8fa9b0000 - 0x00007ff8fa9bc000 	c:\Users\julia\.vscode\extensions\redhat.java-1.29.0-win32-x64\jre\17.0.10-win32-x86_64\bin\vcruntime140_1.dll
0x00007ff8c76f0000 - 0x00007ff8c777d000 	c:\Users\julia\.vscode\extensions\redhat.java-1.29.0-win32-x64\jre\17.0.10-win32-x86_64\bin\msvcp140.dll
0x00007ff8a8690000 - 0x00007ff8a92f2000 	c:\Users\julia\.vscode\extensions\redhat.java-1.29.0-win32-x64\jre\17.0.10-win32-x86_64\bin\server\jvm.dll
0x00007ff901440000 - 0x00007ff9014f2000 	C:\Windows\System32\ADVAPI32.dll
0x00007ff901610000 - 0x00007ff9016b8000 	C:\Windows\System32\sechost.dll
0x00007ff900ce0000 - 0x00007ff900d08000 	C:\Windows\System32\bcrypt.dll
0x00007ff901840000 - 0x00007ff901955000 	C:\Windows\System32\RPCRT4.dll
0x00007ff900210000 - 0x00007ff90025d000 	C:\Windows\SYSTEM32\POWRPROF.dll
0x00007ff8f7f90000 - 0x00007ff8f7f9a000 	C:\Windows\SYSTEM32\VERSION.dll
0x00007ff8f8d90000 - 0x00007ff8f8dc4000 	C:\Windows\SYSTEM32\WINMM.dll
0x00007ff8df980000 - 0x00007ff8df989000 	C:\Windows\SYSTEM32\WSOCK32.dll
0x00007ff902780000 - 0x00007ff9027f1000 	C:\Windows\System32\WS2_32.dll
0x00007ff8fff20000 - 0x00007ff8fff33000 	C:\Windows\SYSTEM32\UMPDC.dll
0x00007ff8ff0c0000 - 0x00007ff8ff0d8000 	C:\Windows\SYSTEM32\kernel.appcore.dll
0x00007ff8f8c80000 - 0x00007ff8f8c8a000 	c:\Users\julia\.vscode\extensions\redhat.java-1.29.0-win32-x64\jre\17.0.10-win32-x86_64\bin\jimage.dll
0x00007ff900260000 - 0x00007ff900493000 	C:\Windows\SYSTEM32\DBGHELP.DLL
0x00007ff902350000 - 0x00007ff9026d8000 	C:\Windows\System32\combase.dll
0x00007ff9020b0000 - 0x00007ff902187000 	C:\Windows\System32\OLEAUT32.dll
0x00007ff900100000 - 0x00007ff900132000 	C:\Windows\SYSTEM32\dbgcore.DLL
0x00007ff900e60000 - 0x00007ff900ed9000 	C:\Windows\System32\bcryptPrimitives.dll
0x00007ff8d2d90000 - 0x00007ff8d2db5000 	c:\Users\julia\.vscode\extensions\redhat.java-1.29.0-win32-x64\jre\17.0.10-win32-x86_64\bin\java.dll
0x00007ff8d2ea0000 - 0x00007ff8d2eb8000 	c:\Users\julia\.vscode\extensions\redhat.java-1.29.0-win32-x64\jre\17.0.10-win32-x86_64\bin\zip.dll
0x00007ff902b80000 - 0x00007ff9033dc000 	C:\Windows\System32\SHELL32.dll
0x00007ff8fde20000 - 0x00007ff8fe719000 	C:\Windows\SYSTEM32\windows.storage.dll
0x00007ff8fdcc0000 - 0x00007ff8fddfe000 	C:\Windows\SYSTEM32\wintypes.dll
0x00007ff901960000 - 0x00007ff901a53000 	C:\Windows\System32\SHCORE.dll
0x00007ff901500000 - 0x00007ff90155e000 	C:\Windows\System32\shlwapi.dll
0x00007ff900820000 - 0x00007ff900841000 	C:\Windows\SYSTEM32\profapi.dll
0x00007ff8d29c0000 - 0x00007ff8d29d9000 	C:\Users\julia\.vscode\extensions\redhat.java-1.29.0-win32-x64\jre\17.0.10-win32-x86_64\bin\net.dll
0x00007ff8fa080000 - 0x00007ff8fa1b6000 	C:\Windows\SYSTEM32\WINHTTP.dll
0x00007ff8ff520000 - 0x00007ff8ff589000 	C:\Windows\system32\mswsock.dll
0x00007ff8d29a0000 - 0x00007ff8d29b6000 	C:\Users\julia\.vscode\extensions\redhat.java-1.29.0-win32-x64\jre\17.0.10-win32-x86_64\bin\nio.dll
0x00007ff8e08d0000 - 0x00007ff8e08e0000 	c:\Users\julia\.vscode\extensions\redhat.java-1.29.0-win32-x64\jre\17.0.10-win32-x86_64\bin\verify.dll
0x00007ff900590000 - 0x00007ff9005ab000 	C:\Windows\SYSTEM32\CRYPTSP.dll
0x00007ff8ff4e0000 - 0x00007ff8ff515000 	C:\Windows\system32\rsaenh.dll
0x00007ff8ff600000 - 0x00007ff8ff628000 	C:\Windows\SYSTEM32\USERENV.dll
0x00007ff8ff980000 - 0x00007ff8ff98c000 	C:\Windows\SYSTEM32\CRYPTBASE.dll
0x00007ff8febc0000 - 0x00007ff8febed000 	C:\Windows\SYSTEM32\IPHLPAPI.DLL
0x00007ff902340000 - 0x00007ff902349000 	C:\Windows\System32\NSI.dll
0x00007ff8f9b30000 - 0x00007ff8f9b49000 	C:\Windows\SYSTEM32\dhcpcsvc6.DLL
0x00007ff8f9b10000 - 0x00007ff8f9b2f000 	C:\Windows\SYSTEM32\dhcpcsvc.DLL
0x00007ff8fec40000 - 0x00007ff8fed39000 	C:\Windows\SYSTEM32\DNSAPI.dll
0x00007ff8fa3f0000 - 0x00007ff8fa3f9000 	C:\Users\julia\.vscode\extensions\redhat.java-1.29.0-win32-x64\jre\17.0.10-win32-x86_64\bin\management.dll
0x00007ff8f8960000 - 0x00007ff8f896b000 	C:\Users\julia\.vscode\extensions\redhat.java-1.29.0-win32-x64\jre\17.0.10-win32-x86_64\bin\management_ext.dll
0x00007ff901a70000 - 0x00007ff901a78000 	C:\Windows\System32\PSAPI.DLL
0x00007ff8f8950000 - 0x00007ff8f895e000 	C:\Users\julia\.vscode\extensions\redhat.java-1.29.0-win32-x64\jre\17.0.10-win32-x86_64\bin\sunmscapi.dll
0x00007ff900a10000 - 0x00007ff900b76000 	C:\Windows\System32\CRYPT32.dll
0x00007ff8ffb20000 - 0x00007ff8ffb4e000 	C:\Windows\SYSTEM32\ncrypt.dll
0x00007ff8ffae0000 - 0x00007ff8ffb17000 	C:\Windows\SYSTEM32\NTASN1.dll
0x00007ff8f7df0000 - 0x00007ff8f7dfa000 	C:\Windows\System32\rasadhlp.dll
0x00007ff8f8d00000 - 0x00007ff8f8d83000 	C:\Windows\System32\fwpuclnt.dll
0x00007ff8d3c40000 - 0x00007ff8d3c49000 	C:\Users\julia\.vscode\extensions\redhat.java-1.29.0-win32-x64\jre\17.0.10-win32-x86_64\bin\extnet.dll

dbghelp: loaded successfully - version: 4.0.5 - missing functions: none
symbol engine: initialized successfully - sym options: 0x614 - pdb path: .;c:\Users\julia\.vscode\extensions\redhat.java-1.29.0-win32-x64\jre\17.0.10-win32-x86_64\bin;C:\Windows\SYSTEM32;C:\Windows\WinSxS\amd64_microsoft.windows.common-controls_6595b64144ccf1df_6.0.22621.3235_none_270f74e173860f98;c:\Users\julia\.vscode\extensions\redhat.java-1.29.0-win32-x64\jre\17.0.10-win32-x86_64\bin\server

VM Arguments:
jvm_args: -XX:+HeapDumpOnOutOfMemoryError -Xmx1024m -Dsts.lsp.client=vscode -Dsts.log.file=/dev/null -XX:TieredStopAtLevel=1 -Xlog:jni+resolve=off -Dspring.config.location=file:c:\Users\julia\.vscode\extensions\vmware.vscode-spring-boot-1.53.0\language-server\BOOT-INF\classes\application.properties 
java_command: org.springframework.ide.vscode.boot.app.BootLanguageServerBootApp
java_class_path (initial): c:\Users\julia\.vscode\extensions\vmware.vscode-spring-boot-1.53.0\language-server\BOOT-INF\classes;c:\Users\julia\.vscode\extensions\vmware.vscode-spring-boot-1.53.0\language-server\BOOT-INF\lib\annotations-24.1.0.jar;c:\Users\julia\.vscode\extensions\vmware.vscode-spring-boot-1.53.0\language-server\BOOT-INF\lib\antlr4-runtime-4.11.1.jar;c:\Users\julia\.vscode\extensions\vmware.vscode-spring-boot-1.53.0\language-server\BOOT-INF\lib\asm-9.6.jar;c:\Users\julia\.vscode\extensions\vmware.vscode-spring-boot-1.53.0\language-server\BOOT-INF\lib\asm-analysis-9.6.jar;c:\Users\julia\.vscode\extensions\vmware.vscode-spring-boot-1.53.0\language-server\BOOT-INF\lib\asm-tree-9.6.jar;c:\Users\julia\.vscode\extensions\vmware.vscode-spring-boot-1.53.0\language-server\BOOT-INF\lib\asm-util-9.6.jar;c:\Users\julia\.vscode\extensions\vmware.vscode-spring-boot-1.53.0\language-server\BOOT-INF\lib\caffeine-3.1.8.jar;c:\Users\julia\.vscode\extensions\vmware.vscode-spring-boot-1.53.0\language-server\BOOT-INF\lib\checker-qual-3.12.0.jar;c:\Users\julia\.vscode\extensions\vmware.vscode-spring-boot-1.53.0\language-server\BOOT-INF\lib\classgraph-4.8.149.jar;c:\Users\julia\.vscode\extensions\vmware.vscode-spring-boot-1.53.0\language-server\BOOT-INF\lib\commons-codec-1.16.1.jar;c:\Users\julia\.vscode\extensions\vmware.vscode-spring-boot-1.53.0\language-server\BOOT-INF\lib\commons-compress-1.26.0.jar;c:\Users\julia\.vscode\extensions\vmware.vscode-spring-boot-1.53.0\language-server\BOOT-INF\lib\commons-io-2.4.jar;c:\Users\julia\.vscode\extensions\vmware.vscode-spring-boot-1.53.0\language-server\BOOT-INF\lib\commons-java-1.53.0-SNAPSHOT.jar;c:\Users\julia\.vscode\extensions\vmware.vscode-spring-boot-1.53.0\language-server\BOOT-INF\lib\commons-lang3-3.13.0.jar;c:\Users\julia\.vscode\extensions\vmware.vscode-spring-boot-1.53.0\language-server\BOOT-INF\lib\commons-language-server-1.53.0-SNAPSHOT.jar;c:\Users\julia\.vscode\extensions\vmware.vscode-spring-boot-1.53.0\language
Launcher Type: SUN_STANDARD

[Global flags]
     intx CICompilerCount                          = 4                                         {product} {ergonomic}
     uint ConcGCThreads                            = 3                                         {product} {ergonomic}
     uint G1ConcRefinementThreads                  = 10                                        {product} {ergonomic}
   size_t G1HeapRegionSize                         = 1048576                                   {product} {ergonomic}
    uintx GCDrainStackTargetSize                   = 64                                        {product} {ergonomic}
     bool HeapDumpOnOutOfMemoryError               = true                                   {manageable} {command line}
   size_t InitialHeapSize                          = 130023424                                 {product} {ergonomic}
   size_t MarkStackSize                            = 4194304                                   {product} {ergonomic}
   size_t MaxHeapSize                              = 1073741824                                {product} {command line}
   size_t MaxNewSize                               = 643825664                                 {product} {ergonomic}
   size_t MinHeapDeltaBytes                        = 1048576                                   {product} {ergonomic}
   size_t MinHeapSize                              = 8388608                                   {product} {ergonomic}
    uintx NonProfiledCodeHeapSize                  = 0                                      {pd product} {ergonomic}
     bool ProfileInterpreter                       = false                                  {pd product} {command line}
    uintx ProfiledCodeHeapSize                     = 0                                      {pd product} {ergonomic}
   size_t SoftMaxHeapSize                          = 1073741824                             {manageable} {ergonomic}
     intx TieredStopAtLevel                        = 1                                         {product} {command line}
     bool UseCompressedClassPointers               = true                           {product lp64_product} {ergonomic}
     bool UseCompressedOops                        = true                           {product lp64_product} {ergonomic}
     bool UseG1GC                                  = true                                      {product} {ergonomic}
     bool UseLargePagesIndividualAllocation        = false                                  {pd product} {ergonomic}

Logging:
Log output configuration:
 #0: stdout all=warning,jni+resolve=off uptime,level,tags
 #1: stderr all=off uptime,level,tags

Environment Variables:
PATH=C:\Program Files\Common Files\Oracle\Java\javapath;C:\Program Files (x86)\Common Files\Oracle\Java\javapath;C:\Windows\system32;C:\Windows;C:\Windows\System32\Wbem;C:\Windows\System32\WindowsPowerShell\v1.0\;C:\Windows\System32\OpenSSH\;C:\Program Files (x86)\NVIDIA Corporation\PhysX\Common;C:\Program Files\NVIDIA Corporation\NVIDIA NvDLISR;C:\Program Files\dotnet\;C:\Program Files\Docker\Docker\resources\bin;C:\Program Files\Git\cmd;C:\workspace\apache-maven-3.9.6-bin\apache-maven-3.9.6\bin;C:\Users\julia\AppData\Local\Programs\Python\Python312\Scripts\;C:\Users\julia\AppData\Local\Programs\Python\Python312\;C:\Users\julia\AppData\Local\Microsoft\WindowsApps;;C:\Users\julia\AppData\Local\Programs\Microsoft VS Code\bin
USERNAME=julia
OS=Windows_NT
PROCESSOR_IDENTIFIER=Intel64 Family 6 Model 154 Stepping 3, GenuineIntel
TMP=C:\Users\julia\AppData\Local\Temp
TEMP=C:\Users\julia\AppData\Local\Temp



Periodic native trim disabled


---------------  S Y S T E M  ---------------

OS:
 Windows 11 , 64 bit Build 22621 (10.0.22621.3374)
OS uptime: 0 days 3:29 hours
Hyper-V role detected

CPU: total 12 (initial active 12) (6 cores per cpu, 2 threads per core) family 6 model 154 stepping 3 microcode 0x423, cx8, cmov, fxsr, ht, mmx, 3dnowpref, sse, sse2, sse3, ssse3, sse4.1, sse4.2, popcnt, lzcnt, tsc, tscinvbit, avx, avx2, aes, erms, clmul, bmi1, bmi2, adx, sha, fma, vzeroupper, clflush, clflushopt, clwb, hv
Processor Information for processor 0
  Max Mhz: 2500, Current Mhz: 2500, Mhz Limit: 2500
Processor Information for processor 1
  Max Mhz: 2500, Current Mhz: 1500, Mhz Limit: 2500
Processor Information for processor 2
  Max Mhz: 2500, Current Mhz: 2500, Mhz Limit: 2500
Processor Information for processor 3
  Max Mhz: 2500, Current Mhz: 2500, Mhz Limit: 2500
Processor Information for processor 4
  Max Mhz: 2500, Current Mhz: 2500, Mhz Limit: 2500
Processor Information for processor 5
  Max Mhz: 2500, Current Mhz: 1500, Mhz Limit: 2500
Processor Information for processor 6
  Max Mhz: 2500, Current Mhz: 2500, Mhz Limit: 2500
Processor Information for processor 7
  Max Mhz: 2500, Current Mhz: 2500, Mhz Limit: 2500
Processor Information for processor 8
  Max Mhz: 2500, Current Mhz: 1875, Mhz Limit: 1875
Processor Information for processor 9
  Max Mhz: 2500, Current Mhz: 1875, Mhz Limit: 1875
Processor Information for processor 10
  Max Mhz: 2500, Current Mhz: 1875, Mhz Limit: 1875
Processor Information for processor 11
  Max Mhz: 2500, Current Mhz: 1875, Mhz Limit: 1875

Memory: 4k page, system-wide physical 7878M (307M free)
TotalPageFile size 16070M (AvailPageFile size 55M)
current process WorkingSet (physical memory assigned to process): 51M, peak: 206M
current process commit charge ("private bytes"): 241M, peak: 271M

vm_info: OpenJDK 64-Bit Server VM (17.0.10+7) for windows-amd64 JRE (17.0.10+7), built on Jan 16 2024 23:25:11 by "admin" with MS VC++ 16.10 / 16.11 (VS2019)

END.
