#
# There is insufficient memory for the Java Runtime Environment to continue.
# Native memory allocation (malloc) failed to allocate 1048576 bytes for AllocateHeap
# Possible reasons:
#   The system is out of physical RAM or swap space
#   The process is running with CompressedOops enabled, and the Java Heap may be blocking the growth of the native heap
# Possible solutions:
#   Reduce memory load on the system
#   Increase physical memory or swap space
#   Check if swap backing store is full
#   Decrease Java heap size (-Xmx/-Xms)
#   Decrease number of Java threads
#   Decrease Java thread stack sizes (-Xss)
#   Set larger code cache with -XX:ReservedCodeCacheSize=
#   JVM is running with Unscaled Compressed Oops mode in which the Java heap is
#     placed in the first 4GB address space. The Java Heap base address is the
#     maximum limit for the native heap growth. Please use -XX:HeapBaseMinAddress
#     to set the Java Heap base and to place the Java Heap above 4GB virtual address.
# This output file may be truncated or incomplete.
#
#  Out of Memory Error (allocation.cpp:44), pid=12976, tid=23396
#
# JRE version: OpenJDK Runtime Environment Temurin-17.0.10+7 (17.0.10+7) (build 17.0.10+7)
# Java VM: OpenJDK 64-Bit Server VM Temurin-17.0.10+7 (17.0.10+7, mixed mode, emulated-client, tiered, compressed oops, compressed class ptrs, g1 gc, windows-amd64)
# No core dump will be written. Minidumps are not enabled by default on client versions of Windows
#

---------------  S U M M A R Y ------------

Command Line: -XX:+HeapDumpOnOutOfMemoryError -Xmx1024m -Dsts.lsp.client=vscode -Dsts.log.file=/dev/null -XX:TieredStopAtLevel=1 -Xlog:jni+resolve=off -Dspring.config.location=file:c:\Users\julia\.vscode\extensions\vmware.vscode-spring-boot-1.53.0\language-server\BOOT-INF\classes\application.properties org.springframework.ide.vscode.boot.app.BootLanguageServerBootApp

Host: 12th Gen Intel(R) Core(TM) i5-12450H, 12 cores, 7G,  Windows 11 , 64 bit Build 22621 (10.0.22621.3374)
Time: Sat Apr  6 19:30:05 2024 Hora est. Pacífico, Sudamérica elapsed time: 523.896918 seconds (0d 0h 8m 43s)

---------------  T H R E A D  ---------------

Current thread (0x000001f292404530):  VMThread "VM Thread" [stack: 0x000000ad18d00000,0x000000ad18e00000] [id=23396]

Stack: [0x000000ad18d00000,0x000000ad18e00000]
Native frames: (J=compiled Java code, j=interpreted, Vv=VM code, C=native code)
V  [jvm.dll+0x67d2c9]
V  [jvm.dll+0x834afa]
V  [jvm.dll+0x8365be]
V  [jvm.dll+0x836c23]
V  [jvm.dll+0x2477ff]
V  [jvm.dll+0xa6c93]
V  [jvm.dll+0x2f8663]
V  [jvm.dll+0x2f42e0]
V  [jvm.dll+0x2dc8c7]
V  [jvm.dll+0x31fb87]
V  [jvm.dll+0x83b11b]
V  [jvm.dll+0x83be61]
V  [jvm.dll+0x83c37d]
V  [jvm.dll+0x83c754]
V  [jvm.dll+0x83c820]
V  [jvm.dll+0x7e3fba]
V  [jvm.dll+0x67c1b5]
C  [ucrtbase.dll+0x29333]
C  [KERNEL32.DLL+0x1257d]
C  [ntdll.dll+0x5aa48]

VM_Operation (0x000000ad1a8fec30): G1CollectFull, mode: safepoint, requested by thread 0x000001f298480500


---------------  P R O C E S S  ---------------

Threads class SMR info:
_java_thread_list=0x000001f2981c5530, length=17, elements={
0x000001f29241e670, 0x000001f29241f400, 0x000001f292437d60, 0x000001f292438830,
0x000001f292587960, 0x000001f292588230, 0x000001f292588b00, 0x000001f292593840,
0x000001f292796d70, 0x000001f29279b920, 0x000001f298442020, 0x000001f298480500,
0x000001f2984aa5f0, 0x000001f287165610, 0x000001f2984d66e0, 0x000001f2984f2450,
0x000001f2984fa3f0
}

Java Threads: ( => current thread )
  0x000001f29241e670 JavaThread "Reference Handler" daemon [_thread_blocked, id=11476, stack(0x000000ad18e00000,0x000000ad18f00000)]
  0x000001f29241f400 JavaThread "Finalizer" daemon [_thread_blocked, id=15700, stack(0x000000ad18f00000,0x000000ad19000000)]
  0x000001f292437d60 JavaThread "Signal Dispatcher" daemon [_thread_blocked, id=2140, stack(0x000000ad19000000,0x000000ad19100000)]
  0x000001f292438830 JavaThread "Attach Listener" daemon [_thread_blocked, id=4024, stack(0x000000ad19100000,0x000000ad19200000)]
  0x000001f292587960 JavaThread "Service Thread" daemon [_thread_blocked, id=12832, stack(0x000000ad19200000,0x000000ad19300000)]
  0x000001f292588230 JavaThread "Monitor Deflation Thread" daemon [_thread_blocked, id=21452, stack(0x000000ad19300000,0x000000ad19400000)]
  0x000001f292588b00 JavaThread "C1 CompilerThread0" daemon [_thread_blocked, id=3960, stack(0x000000ad19400000,0x000000ad19500000)]
  0x000001f292593840 JavaThread "Sweeper thread" daemon [_thread_blocked, id=20740, stack(0x000000ad19500000,0x000000ad19600000)]
  0x000001f292796d70 JavaThread "Notification Thread" daemon [_thread_blocked, id=21656, stack(0x000000ad19700000,0x000000ad19800000)]
  0x000001f29279b920 JavaThread "Common-Cleaner" daemon [_thread_blocked, id=18104, stack(0x000000ad19900000,0x000000ad19a00000)]
  0x000001f298442020 JavaThread "boundedElastic-evictor-1" daemon [_thread_blocked, id=19684, stack(0x000000ad1a700000,0x000000ad1a800000)]
  0x000001f298480500 JavaThread "pool-13-thread-1" [_thread_blocked, id=6232, stack(0x000000ad1a800000,0x000000ad1a900000)]
  0x000001f2984aa5f0 JavaThread "LanguageServerApp-lifecycle" [_thread_blocked, id=17528, stack(0x000000ad1a900000,0x000000ad1aa00000)]
  0x000001f287165610 JavaThread "DestroyJavaVM" [_thread_blocked, id=1964, stack(0x000000ad18700000,0x000000ad18800000)]
  0x000001f2984d66e0 JavaThread "pool-14-thread-1" [_thread_in_native, id=2000, stack(0x000000ad1aa00000,0x000000ad1ab00000)]
  0x000001f2984f2450 JavaThread "Simple-Language-Server main thread" daemon [_thread_blocked, id=22152, stack(0x000000ad1ab00000,0x000000ad1ac00000)]
  0x000001f2984fa3f0 JavaThread "pool-6-thread-1" [_thread_blocked, id=22488, stack(0x000000ad1ac00000,0x000000ad1ad00000)]

Other Threads:
=>0x000001f292404530 VMThread "VM Thread" [stack: 0x000000ad18d00000,0x000000ad18e00000] [id=23396]
  0x000001f29279b270 WatcherThread [stack: 0x000000ad19800000,0x000000ad19900000] [id=11100]
  0x000001f2871a5e80 GCTaskThread "GC Thread#0" [stack: 0x000000ad18800000,0x000000ad18900000] [id=17824]
  0x000001f2978d6240 GCTaskThread "GC Thread#1" [stack: 0x000000ad19a00000,0x000000ad19b00000] [id=12056]
  0x000001f297904460 GCTaskThread "GC Thread#2" [stack: 0x000000ad19b00000,0x000000ad19c00000] [id=2836]
  0x000001f297904720 GCTaskThread "GC Thread#3" [stack: 0x000000ad19c00000,0x000000ad19d00000] [id=22392]
  0x000001f297b28c70 GCTaskThread "GC Thread#4" [stack: 0x000000ad19d00000,0x000000ad19e00000] [id=22168]
  0x000001f297ac0630 GCTaskThread "GC Thread#5" [stack: 0x000000ad19e00000,0x000000ad19f00000] [id=22060]
  0x000001f297ca03c0 GCTaskThread "GC Thread#6" [stack: 0x000000ad1a000000,0x000000ad1a100000] [id=9436]
  0x000001f297c8dd40 GCTaskThread "GC Thread#7" [stack: 0x000000ad1a100000,0x000000ad1a200000] [id=21156]
  0x000001f297bf5c90 GCTaskThread "GC Thread#8" [stack: 0x000000ad1a200000,0x000000ad1a300000] [id=13900]
  0x000001f297bf3ca0 GCTaskThread "GC Thread#9" [stack: 0x000000ad1a300000,0x000000ad1a400000] [id=18512]
  0x000001f2871aece0 ConcurrentGCThread "G1 Main Marker" [stack: 0x000000ad18900000,0x000000ad18a00000] [id=18772]
  0x000001f2871af620 ConcurrentGCThread "G1 Conc#0" [stack: 0x000000ad18a00000,0x000000ad18b00000] [id=9384]
  0x000001f297cb4140 ConcurrentGCThread "G1 Conc#1" [stack: 0x000000ad1a400000,0x000000ad1a500000] [id=22124]
  0x000001f297b26c50 ConcurrentGCThread "G1 Conc#2" [stack: 0x000000ad1a500000,0x000000ad1a600000] [id=2696]
  0x000001f28720e560 ConcurrentGCThread "G1 Refine#0" [stack: 0x000000ad18b00000,0x000000ad18c00000] [id=21956]
  0x000001f2922660e0 ConcurrentGCThread "G1 Service" [stack: 0x000000ad18c00000,0x000000ad18d00000] [id=19032]

Threads with active compile tasks:

VM state: at safepoint (normal execution)

VM Mutex/Monitor currently owned by a thread:  ([mutex/lock_event])
[0x000001f284ff1f30] Threads_lock - owner thread: 0x000001f292404530
[0x000001f284fed580] Heap_lock - owner thread: 0x000001f298480500

Heap address: 0x00000000c0000000, size: 1024 MB, Compressed Oops mode: 32-bit

CDS archive(s) not mapped
Compressed class space mapped at: 0x0000000100000000-0x0000000140000000, reserved size: 1073741824
Narrow klass base: 0x0000000000000000, Narrow klass shift: 3, Narrow klass range: 0x140000000

GC Precious Log:
 CPUs: 12 total, 12 available
 Memory: 7878M
 Large Page Support: Disabled
 NUMA Support: Disabled
 Compressed Oops: Enabled (32-bit)
 Heap Region Size: 1M
 Heap Min Capacity: 8M
 Heap Initial Capacity: 124M
 Heap Max Capacity: 1G
 Pre-touch: Disabled
 Parallel Workers: 10
 Concurrent Workers: 3
 Concurrent Refinement Workers: 10
 Periodic GC: Disabled

Heap:
 garbage-first heap   total 75776K, used 23862K [0x00000000c0000000, 0x0000000100000000)
  region size 1024K, 1 young (1024K), 0 survivors (0K)
 Metaspace       used 37753K, committed 38336K, reserved 1114112K
  class space    used 4912K, committed 5184K, reserved 1048576K

Heap Regions: E=young(eden), S=young(survivor), O=old, HS=humongous(starts), HC=humongous(continues), CS=collection set, F=free, OA=open archive, CA=closed archive, TAMS=top-at-mark-start (previous, next)
|   0|0x00000000c0000000, 0x00000000c0100000, 0x00000000c0100000|100%|HS|  |TAMS 0x00000000c0100000, 0x00000000c0000000| Untracked 
|   1|0x00000000c0100000, 0x00000000c0200000, 0x00000000c0200000|100%|HC|  |TAMS 0x00000000c0200000, 0x00000000c0100000| Untracked 
|   2|0x00000000c0200000, 0x00000000c0300000, 0x00000000c0300000|100%|HC|  |TAMS 0x00000000c0300000, 0x00000000c0200000| Untracked 
|   3|0x00000000c0300000, 0x00000000c0400000, 0x00000000c0400000|100%|HC|  |TAMS 0x00000000c0400000, 0x00000000c0300000| Untracked 
|   4|0x00000000c0400000, 0x00000000c0500000, 0x00000000c0500000|100%|HS|  |TAMS 0x00000000c0500000, 0x00000000c0400000| Untracked 
|   5|0x00000000c0500000, 0x00000000c0600000, 0x00000000c0600000|100%|HC|  |TAMS 0x00000000c0600000, 0x00000000c0500000| Untracked 
|   6|0x00000000c0600000, 0x00000000c0700000, 0x00000000c0700000|100%| O|  |TAMS 0x00000000c0700000, 0x00000000c0600000| Untracked 
|   7|0x00000000c0700000, 0x00000000c0800000, 0x00000000c0800000|100%| O|  |TAMS 0x00000000c0800000, 0x00000000c0700000| Untracked 
|   8|0x00000000c0800000, 0x00000000c08ffff8, 0x00000000c0900000| 99%| O|  |TAMS 0x00000000c08ffff8, 0x00000000c0800000| Untracked 
|   9|0x00000000c0900000, 0x00000000c09ffff0, 0x00000000c0a00000| 99%| O|  |TAMS 0x00000000c09ffff0, 0x00000000c0900000| Untracked 
|  10|0x00000000c0a00000, 0x00000000c0b00000, 0x00000000c0b00000|100%| O|  |TAMS 0x00000000c0b00000, 0x00000000c0a00000| Untracked 
|  11|0x00000000c0b00000, 0x00000000c0bf7760, 0x00000000c0c00000| 96%| O|  |TAMS 0x00000000c0bf7760, 0x00000000c0b00000| Untracked 
|  12|0x00000000c0c00000, 0x00000000c0cfffd0, 0x00000000c0d00000| 99%| O|  |TAMS 0x00000000c0cfffd0, 0x00000000c0c00000| Untracked 
|  13|0x00000000c0d00000, 0x00000000c0e00000, 0x00000000c0e00000|100%| O|  |TAMS 0x00000000c0e00000, 0x00000000c0d00000| Untracked 
|  14|0x00000000c0e00000, 0x00000000c0f00000, 0x00000000c0f00000|100%| O|  |TAMS 0x00000000c0f00000, 0x00000000c0e00000| Untracked 
|  15|0x00000000c0f00000, 0x00000000c0ffff98, 0x00000000c1000000| 99%| O|  |TAMS 0x00000000c0ffff98, 0x00000000c0f00000| Untracked 
|  16|0x00000000c1000000, 0x00000000c10ffff8, 0x00000000c1100000| 99%| O|  |TAMS 0x00000000c10ffff8, 0x00000000c1000000| Untracked 
|  17|0x00000000c1100000, 0x00000000c11fffe8, 0x00000000c1200000| 99%| O|  |TAMS 0x00000000c11fffe8, 0x00000000c1100000| Untracked 
|  18|0x00000000c1200000, 0x00000000c12fffc8, 0x00000000c1300000| 99%| O|  |TAMS 0x00000000c12fffc8, 0x00000000c1200000| Untracked 
|  19|0x00000000c1300000, 0x00000000c13fffb0, 0x00000000c1400000| 99%| O|  |TAMS 0x00000000c13fffb0, 0x00000000c1300000| Untracked 
|  20|0x00000000c1400000, 0x00000000c1500000, 0x00000000c1500000|100%| O|  |TAMS 0x00000000c1500000, 0x00000000c1400000| Untracked 
|  21|0x00000000c1500000, 0x00000000c1600000, 0x00000000c1600000|100%| O|  |TAMS 0x00000000c1600000, 0x00000000c1500000| Untracked 
|  22|0x00000000c1600000, 0x00000000c1700000, 0x00000000c1700000|100%| O|  |TAMS 0x00000000c1700000, 0x00000000c1600000| Untracked 
|  23|0x00000000c1700000, 0x00000000c1754318, 0x00000000c1800000| 32%| O|  |TAMS 0x00000000c1700000, 0x00000000c1700000| Untracked 
|  24|0x00000000c1800000, 0x00000000c1802298, 0x00000000c1900000|  0%| O|  |TAMS 0x00000000c1800000, 0x00000000c1800000| Untracked 
|  25|0x00000000c1900000, 0x00000000c1900000, 0x00000000c1a00000|  0%| F|  |TAMS 0x00000000c1900000, 0x00000000c1900000| Untracked 
|  26|0x00000000c1a00000, 0x00000000c1a00000, 0x00000000c1b00000|  0%| F|  |TAMS 0x00000000c1a00000, 0x00000000c1a00000| Untracked 
|  27|0x00000000c1b00000, 0x00000000c1b00000, 0x00000000c1c00000|  0%| F|  |TAMS 0x00000000c1b00000, 0x00000000c1b00000| Untracked 
|  28|0x00000000c1c00000, 0x00000000c1c00000, 0x00000000c1d00000|  0%| F|  |TAMS 0x00000000c1c00000, 0x00000000c1c00000| Untracked 
|  29|0x00000000c1d00000, 0x00000000c1d00000, 0x00000000c1e00000|  0%| F|  |TAMS 0x00000000c1d00000, 0x00000000c1d00000| Untracked 
|  30|0x00000000c1e00000, 0x00000000c1e00000, 0x00000000c1f00000|  0%| F|  |TAMS 0x00000000c1e00000, 0x00000000c1e00000| Untracked 
|  31|0x00000000c1f00000, 0x00000000c1f00000, 0x00000000c2000000|  0%| F|  |TAMS 0x00000000c1f00000, 0x00000000c1f00000| Untracked 
|  32|0x00000000c2000000, 0x00000000c2000000, 0x00000000c2100000|  0%| F|  |TAMS 0x00000000c2000000, 0x00000000c2000000| Untracked 
|  33|0x00000000c2100000, 0x00000000c2100000, 0x00000000c2200000|  0%| F|  |TAMS 0x00000000c2100000, 0x00000000c2100000| Untracked 
|  34|0x00000000c2200000, 0x00000000c2200000, 0x00000000c2300000|  0%| F|  |TAMS 0x00000000c2200000, 0x00000000c2200000| Untracked 
|  35|0x00000000c2300000, 0x00000000c2300000, 0x00000000c2400000|  0%| F|  |TAMS 0x00000000c2300000, 0x00000000c2300000| Untracked 
|  36|0x00000000c2400000, 0x00000000c2400000, 0x00000000c2500000|  0%| F|  |TAMS 0x00000000c2400000, 0x00000000c2400000| Untracked 
|  37|0x00000000c2500000, 0x00000000c2500000, 0x00000000c2600000|  0%| F|  |TAMS 0x00000000c2500000, 0x00000000c2500000| Untracked 
|  38|0x00000000c2600000, 0x00000000c2600000, 0x00000000c2700000|  0%| F|  |TAMS 0x00000000c2600000, 0x00000000c2600000| Untracked 
|  39|0x00000000c2700000, 0x00000000c2700000, 0x00000000c2800000|  0%| F|  |TAMS 0x00000000c2700000, 0x00000000c2700000| Untracked 
|  40|0x00000000c2800000, 0x00000000c2800000, 0x00000000c2900000|  0%| F|  |TAMS 0x00000000c2800000, 0x00000000c2800000| Untracked 
|  41|0x00000000c2900000, 0x00000000c2900000, 0x00000000c2a00000|  0%| F|  |TAMS 0x00000000c2900000, 0x00000000c2900000| Untracked 
|  42|0x00000000c2a00000, 0x00000000c2a00000, 0x00000000c2b00000|  0%| F|  |TAMS 0x00000000c2a00000, 0x00000000c2a00000| Untracked 
|  43|0x00000000c2b00000, 0x00000000c2b00000, 0x00000000c2c00000|  0%| F|  |TAMS 0x00000000c2b00000, 0x00000000c2b00000| Untracked 
|  44|0x00000000c2c00000, 0x00000000c2c00000, 0x00000000c2d00000|  0%| F|  |TAMS 0x00000000c2c00000, 0x00000000c2c00000| Untracked 
|  45|0x00000000c2d00000, 0x00000000c2d00000, 0x00000000c2e00000|  0%| F|  |TAMS 0x00000000c2d00000, 0x00000000c2d00000| Untracked 
|  46|0x00000000c2e00000, 0x00000000c2e00000, 0x00000000c2f00000|  0%| F|  |TAMS 0x00000000c2e00000, 0x00000000c2e00000| Untracked 
|  47|0x00000000c2f00000, 0x00000000c2f00000, 0x00000000c3000000|  0%| F|  |TAMS 0x00000000c2f00000, 0x00000000c2f00000| Untracked 
|  48|0x00000000c3000000, 0x00000000c3000000, 0x00000000c3100000|  0%| F|  |TAMS 0x00000000c3000000, 0x00000000c3000000| Untracked 
|  49|0x00000000c3100000, 0x00000000c3100000, 0x00000000c3200000|  0%| F|  |TAMS 0x00000000c3100000, 0x00000000c3100000| Untracked 
|  50|0x00000000c3200000, 0x00000000c3200000, 0x00000000c3300000|  0%| F|  |TAMS 0x00000000c3200000, 0x00000000c3200000| Untracked 
|  51|0x00000000c3300000, 0x00000000c3300000, 0x00000000c3400000|  0%| F|  |TAMS 0x00000000c3300000, 0x00000000c3300000| Untracked 
|  52|0x00000000c3400000, 0x00000000c3400000, 0x00000000c3500000|  0%| F|  |TAMS 0x00000000c3400000, 0x00000000c3400000| Untracked 
|  53|0x00000000c3500000, 0x00000000c3500000, 0x00000000c3600000|  0%| F|  |TAMS 0x00000000c3500000, 0x00000000c3500000| Untracked 
|  54|0x00000000c3600000, 0x00000000c3600000, 0x00000000c3700000|  0%| F|  |TAMS 0x00000000c3600000, 0x00000000c3600000| Untracked 
|  55|0x00000000c3700000, 0x00000000c3700000, 0x00000000c3800000|  0%| F|  |TAMS 0x00000000c3700000, 0x00000000c3700000| Untracked 
|  56|0x00000000c3800000, 0x00000000c3800000, 0x00000000c3900000|  0%| F|  |TAMS 0x00000000c3800000, 0x00000000c3800000| Untracked 
|  57|0x00000000c3900000, 0x00000000c3900000, 0x00000000c3a00000|  0%| F|  |TAMS 0x00000000c3900000, 0x00000000c3900000| Untracked 
|  58|0x00000000c3a00000, 0x00000000c3a00000, 0x00000000c3b00000|  0%| F|  |TAMS 0x00000000c3a00000, 0x00000000c3a00000| Untracked 
|  59|0x00000000c3b00000, 0x00000000c3b00000, 0x00000000c3c00000|  0%| F|  |TAMS 0x00000000c3b00000, 0x00000000c3b00000| Untracked 
|  60|0x00000000c3c00000, 0x00000000c3c00000, 0x00000000c3d00000|  0%| F|  |TAMS 0x00000000c3c00000, 0x00000000c3c00000| Untracked 
|  61|0x00000000c3d00000, 0x00000000c3d00000, 0x00000000c3e00000|  0%| F|  |TAMS 0x00000000c3d00000, 0x00000000c3d00000| Untracked 
|  62|0x00000000c3e00000, 0x00000000c3e00000, 0x00000000c3f00000|  0%| F|  |TAMS 0x00000000c3e00000, 0x00000000c3e00000| Untracked 
|  63|0x00000000c3f00000, 0x00000000c3f00000, 0x00000000c4000000|  0%| F|  |TAMS 0x00000000c3f00000, 0x00000000c3f00000| Untracked 
|  64|0x00000000c4000000, 0x00000000c4000000, 0x00000000c4100000|  0%| F|  |TAMS 0x00000000c4000000, 0x00000000c4000000| Untracked 
|  65|0x00000000c4100000, 0x00000000c4100000, 0x00000000c4200000|  0%| F|  |TAMS 0x00000000c4100000, 0x00000000c4100000| Untracked 
|  66|0x00000000c4200000, 0x00000000c4200000, 0x00000000c4300000|  0%| F|  |TAMS 0x00000000c4200000, 0x00000000c4200000| Untracked 
|  67|0x00000000c4300000, 0x00000000c4300000, 0x00000000c4400000|  0%| F|  |TAMS 0x00000000c4300000, 0x00000000c4300000| Untracked 
|  87|0x00000000c5700000, 0x00000000c5700000, 0x00000000c5800000|  0%| F|  |TAMS 0x00000000c5700000, 0x00000000c5700000| Untracked 
|  88|0x00000000c5800000, 0x00000000c5800000, 0x00000000c5900000|  0%| F|  |TAMS 0x00000000c5800000, 0x00000000c5800000| Untracked 
|  89|0x00000000c5900000, 0x00000000c5900000, 0x00000000c5a00000|  0%| F|  |TAMS 0x00000000c5900000, 0x00000000c5900000| Untracked 
|  90|0x00000000c5a00000, 0x00000000c5a00000, 0x00000000c5b00000|  0%| F|  |TAMS 0x00000000c5a00000, 0x00000000c5a00000| Untracked 
|  91|0x00000000c5b00000, 0x00000000c5b00000, 0x00000000c5c00000|  0%| F|  |TAMS 0x00000000c5b00000, 0x00000000c5b00000| Untracked 
| 123|0x00000000c7b00000, 0x00000000c7b20450, 0x00000000c7c00000| 12%| E|  |TAMS 0x00000000c7b00000, 0x00000000c7b00000| Complete 

Card table byte_map: [0x000001f28d330000,0x000001f28d530000] _byte_map_base: 0x000001f28cd30000

Marking Bits (Prev, Next): (CMBitMap*) 0x000001f2871a63f0, (CMBitMap*) 0x000001f2871a63b0
 Prev Bits: [0x000001f28e730000, 0x000001f28f730000)
 Next Bits: [0x000001f28d730000, 0x000001f28e730000)

Polling page: 0x000001f285130000

Metaspace:

Usage:
  Non-class:     32.07 MB used.
      Class:      4.80 MB used.
       Both:     36.87 MB used.

Virtual space:
  Non-class space:       64.00 MB reserved,      32.38 MB ( 51%) committed,  1 nodes.
      Class space:        1.00 GB reserved,       5.06 MB ( <1%) committed,  1 nodes.
             Both:        1.06 GB reserved,      37.44 MB (  3%) committed. 

Chunk freelists:
   Non-Class:  15.71 MB
       Class:  10.99 MB
        Both:  26.70 MB

MaxMetaspaceSize: unlimited
CompressedClassSpaceSize: 1.00 GB
Initial GC threshold: 21.00 MB
Current GC threshold: 62.44 MB
CDS: off
MetaspaceReclaimPolicy: balanced
 - commit_granule_bytes: 65536.
 - commit_granule_words: 8192.
 - virtual_space_node_default_size: 8388608.
 - enlarge_chunks_in_place: 1.
 - new_chunks_are_fully_committed: 0.
 - uncommit_free_chunks: 1.
 - use_allocation_guard: 0.
 - handle_deallocations: 1.


Internal statistics:

num_allocs_failed_limit: 6.
num_arena_births: 482.
num_arena_deaths: 138.
num_vsnodes_births: 2.
num_vsnodes_deaths: 0.
num_space_committed: 599.
num_space_uncommitted: 0.
num_chunks_returned_to_freelist: 162.
num_chunks_taken_from_freelist: 1597.
num_chunk_merges: 46.
num_chunk_splits: 1100.
num_chunks_enlarged: 831.
num_inconsistent_stats: 0.

CodeCache: size=49152Kb used=6626Kb max_used=8288Kb free=42525Kb
 bounds [0x000001f289df0000, 0x000001f28a610000, 0x000001f28cdf0000]
 total_blobs=4095 nmethods=3552 adapters=469
 compilation: enabled
              stopped_count=0, restarted_count=0
 full_count=0

Compilation events (20 events):
Event: 186.827 Thread 0x000001f292588b00 3543       1       java.lang.System::checkKey (34 bytes)
Event: 186.827 Thread 0x000001f292588b00 nmethod 3543 0x000001f289f77c90 code [0x000001f289f77e40, 0x000001f289f78038]
Event: 233.857 Thread 0x000001f292588b00 3544       1       java.util.concurrent.ThreadPoolExecutor::runStateAtLeast (11 bytes)
Event: 233.857 Thread 0x000001f292588b00 nmethod 3544 0x000001f289f77990 code [0x000001f289f77b20, 0x000001f289f77bd8]
Event: 298.980 Thread 0x000001f292588b00 3545       1       java.lang.ProcessImpl::needsEscaping (169 bytes)
Event: 298.982 Thread 0x000001f292588b00 nmethod 3545 0x000001f289f76c10 code [0x000001f289f76e60, 0x000001f289f77568]
Event: 298.982 Thread 0x000001f292588b00 3546       1       java.lang.ProcessImpl::unQuote (40 bytes)
Event: 298.982 Thread 0x000001f292588b00 nmethod 3546 0x000001f289f76710 code [0x000001f289f768c0, 0x000001f289f76a88]
Event: 299.150 Thread 0x000001f292588b00 3547       1       java.util.concurrent.locks.AbstractQueuedSynchronizer::release (19 bytes)
Event: 299.151 Thread 0x000001f292588b00 nmethod 3547 0x000001f289f76210 code [0x000001f289f763c0, 0x000001f289f765b8]
Event: 329.888 Thread 0x000001f292588b00 3548       1       java.lang.System::getProperty (25 bytes)
Event: 329.907 Thread 0x000001f292588b00 nmethod 3548 0x000001f289f75a10 code [0x000001f289f75c00, 0x000001f289f75fc8]
Event: 421.821 Thread 0x000001f292588b00 3549       1       java.util.concurrent.ThreadPoolExecutor::isShutdown (12 bytes)
Event: 421.825 Thread 0x000001f292588b00 nmethod 3549 0x000001f289f75710 code [0x000001f289f758a0, 0x000001f289f75998]
Event: 431.826 Thread 0x000001f292588b00 3550       1       java.util.concurrent.ScheduledThreadPoolExecutor::canRunInCurrentRunState (61 bytes)
Event: 431.832 Thread 0x000001f292588b00 nmethod 3550 0x000001f289f75110 code [0x000001f289f752c0, 0x000001f289f75568]
Event: 462.681 Thread 0x000001f292588b00 3551       1       java.util.concurrent.TimeUnit::toNanos (45 bytes)
Event: 462.681 Thread 0x000001f292588b00 nmethod 3551 0x000001f289f74d10 code [0x000001f289f74ec0, 0x000001f289f75058]
Event: 503.463 Thread 0x000001f292588b00 3552       1       java.lang.invoke.DelegatingMethodHandle$Holder::reinvoke_L (20 bytes)
Event: 503.471 Thread 0x000001f292588b00 nmethod 3552 0x000001f289f74910 code [0x000001f289f74ac0, 0x000001f289f74bf8]

GC Heap History (20 events):
Event: 421.806 GC heap before
{Heap before GC invocations=45 (full 37):
 garbage-first heap   total 75776K, used 23862K [0x00000000c0000000, 0x0000000100000000)
  region size 1024K, 1 young (1024K), 0 survivors (0K)
 Metaspace       used 37753K, committed 38336K, reserved 1114112K
  class space    used 4912K, committed 5184K, reserved 1048576K
}
Event: 421.821 GC heap after
{Heap after GC invocations=46 (full 38):
 garbage-first heap   total 75776K, used 23862K [0x00000000c0000000, 0x0000000100000000)
  region size 1024K, 0 young (0K), 0 survivors (0K)
 Metaspace       used 37753K, committed 38336K, reserved 1114112K
  class space    used 4912K, committed 5184K, reserved 1048576K
}
Event: 432.138 GC heap before
{Heap before GC invocations=46 (full 38):
 garbage-first heap   total 75776K, used 23862K [0x00000000c0000000, 0x0000000100000000)
  region size 1024K, 1 young (1024K), 0 survivors (0K)
 Metaspace       used 37753K, committed 38336K, reserved 1114112K
  class space    used 4912K, committed 5184K, reserved 1048576K
}
Event: 432.154 GC heap after
{Heap after GC invocations=47 (full 39):
 garbage-first heap   total 75776K, used 23862K [0x00000000c0000000, 0x0000000100000000)
  region size 1024K, 0 young (0K), 0 survivors (0K)
 Metaspace       used 37753K, committed 38336K, reserved 1114112K
  class space    used 4912K, committed 5184K, reserved 1048576K
}
Event: 442.313 GC heap before
{Heap before GC invocations=47 (full 39):
 garbage-first heap   total 75776K, used 23862K [0x00000000c0000000, 0x0000000100000000)
  region size 1024K, 1 young (1024K), 0 survivors (0K)
 Metaspace       used 37753K, committed 38336K, reserved 1114112K
  class space    used 4912K, committed 5184K, reserved 1048576K
}
Event: 442.326 GC heap after
{Heap after GC invocations=48 (full 40):
 garbage-first heap   total 75776K, used 23862K [0x00000000c0000000, 0x0000000100000000)
  region size 1024K, 0 young (0K), 0 survivors (0K)
 Metaspace       used 37753K, committed 38336K, reserved 1114112K
  class space    used 4912K, committed 5184K, reserved 1048576K
}
Event: 452.505 GC heap before
{Heap before GC invocations=48 (full 40):
 garbage-first heap   total 75776K, used 23862K [0x00000000c0000000, 0x0000000100000000)
  region size 1024K, 1 young (1024K), 0 survivors (0K)
 Metaspace       used 37753K, committed 38336K, reserved 1114112K
  class space    used 4912K, committed 5184K, reserved 1048576K
}
Event: 452.524 GC heap after
{Heap after GC invocations=49 (full 41):
 garbage-first heap   total 75776K, used 23862K [0x00000000c0000000, 0x0000000100000000)
  region size 1024K, 0 young (0K), 0 survivors (0K)
 Metaspace       used 37753K, committed 38336K, reserved 1114112K
  class space    used 4912K, committed 5184K, reserved 1048576K
}
Event: 462.669 GC heap before
{Heap before GC invocations=49 (full 41):
 garbage-first heap   total 75776K, used 23862K [0x00000000c0000000, 0x0000000100000000)
  region size 1024K, 1 young (1024K), 0 survivors (0K)
 Metaspace       used 37753K, committed 38336K, reserved 1114112K
  class space    used 4912K, committed 5184K, reserved 1048576K
}
Event: 462.681 GC heap after
{Heap after GC invocations=50 (full 42):
 garbage-first heap   total 75776K, used 23862K [0x00000000c0000000, 0x0000000100000000)
  region size 1024K, 0 young (0K), 0 survivors (0K)
 Metaspace       used 37753K, committed 38336K, reserved 1114112K
  class space    used 4912K, committed 5184K, reserved 1048576K
}
Event: 472.844 GC heap before
{Heap before GC invocations=50 (full 42):
 garbage-first heap   total 75776K, used 23862K [0x00000000c0000000, 0x0000000100000000)
  region size 1024K, 1 young (1024K), 0 survivors (0K)
 Metaspace       used 37753K, committed 38336K, reserved 1114112K
  class space    used 4912K, committed 5184K, reserved 1048576K
}
Event: 472.861 GC heap after
{Heap after GC invocations=51 (full 43):
 garbage-first heap   total 75776K, used 23862K [0x00000000c0000000, 0x0000000100000000)
  region size 1024K, 0 young (0K), 0 survivors (0K)
 Metaspace       used 37753K, committed 38336K, reserved 1114112K
  class space    used 4912K, committed 5184K, reserved 1048576K
}
Event: 483.255 GC heap before
{Heap before GC invocations=51 (full 43):
 garbage-first heap   total 75776K, used 23862K [0x00000000c0000000, 0x0000000100000000)
  region size 1024K, 1 young (1024K), 0 survivors (0K)
 Metaspace       used 37753K, committed 38336K, reserved 1114112K
  class space    used 4912K, committed 5184K, reserved 1048576K
}
Event: 483.281 GC heap after
{Heap after GC invocations=52 (full 44):
 garbage-first heap   total 75776K, used 23862K [0x00000000c0000000, 0x0000000100000000)
  region size 1024K, 0 young (0K), 0 survivors (0K)
 Metaspace       used 37753K, committed 38336K, reserved 1114112K
  class space    used 4912K, committed 5184K, reserved 1048576K
}
Event: 493.441 GC heap before
{Heap before GC invocations=52 (full 44):
 garbage-first heap   total 75776K, used 23862K [0x00000000c0000000, 0x0000000100000000)
  region size 1024K, 1 young (1024K), 0 survivors (0K)
 Metaspace       used 37753K, committed 38336K, reserved 1114112K
  class space    used 4912K, committed 5184K, reserved 1048576K
}
Event: 493.456 GC heap after
{Heap after GC invocations=53 (full 45):
 garbage-first heap   total 75776K, used 23862K [0x00000000c0000000, 0x0000000100000000)
  region size 1024K, 0 young (0K), 0 survivors (0K)
 Metaspace       used 37753K, committed 38336K, reserved 1114112K
  class space    used 4912K, committed 5184K, reserved 1048576K
}
Event: 503.637 GC heap before
{Heap before GC invocations=53 (full 45):
 garbage-first heap   total 75776K, used 23862K [0x00000000c0000000, 0x0000000100000000)
  region size 1024K, 1 young (1024K), 0 survivors (0K)
 Metaspace       used 37753K, committed 38336K, reserved 1114112K
  class space    used 4912K, committed 5184K, reserved 1048576K
}
Event: 503.653 GC heap after
{Heap after GC invocations=54 (full 46):
 garbage-first heap   total 75776K, used 23862K [0x00000000c0000000, 0x0000000100000000)
  region size 1024K, 0 young (0K), 0 survivors (0K)
 Metaspace       used 37753K, committed 38336K, reserved 1114112K
  class space    used 4912K, committed 5184K, reserved 1048576K
}
Event: 513.843 GC heap before
{Heap before GC invocations=54 (full 46):
 garbage-first heap   total 75776K, used 23862K [0x00000000c0000000, 0x0000000100000000)
  region size 1024K, 1 young (1024K), 0 survivors (0K)
 Metaspace       used 37753K, committed 38336K, reserved 1114112K
  class space    used 4912K, committed 5184K, reserved 1048576K
}
Event: 513.860 GC heap after
{Heap after GC invocations=55 (full 47):
 garbage-first heap   total 75776K, used 23862K [0x00000000c0000000, 0x0000000100000000)
  region size 1024K, 0 young (0K), 0 survivors (0K)
 Metaspace       used 37753K, committed 38336K, reserved 1114112K
  class space    used 4912K, committed 5184K, reserved 1048576K
}

Dll operation events (8 events):
Event: 0.016 Loaded shared library c:\Users\julia\.vscode\extensions\redhat.java-1.29.0-win32-x64\jre\17.0.10-win32-x86_64\bin\java.dll
Event: 0.179 Loaded shared library C:\Users\julia\.vscode\extensions\redhat.java-1.29.0-win32-x64\jre\17.0.10-win32-x86_64\bin\net.dll
Event: 0.183 Loaded shared library C:\Users\julia\.vscode\extensions\redhat.java-1.29.0-win32-x64\jre\17.0.10-win32-x86_64\bin\nio.dll
Event: 0.191 Loaded shared library C:\Users\julia\.vscode\extensions\redhat.java-1.29.0-win32-x64\jre\17.0.10-win32-x86_64\bin\zip.dll
Event: 0.998 Loaded shared library C:\Users\julia\.vscode\extensions\redhat.java-1.29.0-win32-x64\jre\17.0.10-win32-x86_64\bin\jimage.dll
Event: 2.374 Loaded shared library c:\Users\julia\.vscode\extensions\redhat.java-1.29.0-win32-x64\jre\17.0.10-win32-x86_64\bin\verify.dll
Event: 3.920 Loaded shared library C:\Users\julia\.vscode\extensions\redhat.java-1.29.0-win32-x64\jre\17.0.10-win32-x86_64\bin\management.dll
Event: 3.923 Loaded shared library C:\Users\julia\.vscode\extensions\redhat.java-1.29.0-win32-x64\jre\17.0.10-win32-x86_64\bin\management_ext.dll

Deoptimization events (4 events):
Event: 4.138 Thread 0x000001f2984d66e0 DEOPT PACKING pc=0x000001f28a291301 sp=0x000000ad1aafdc30
Event: 4.138 Thread 0x000001f2984d66e0 DEOPT UNPACKING pc=0x000001f289e47143 sp=0x000000ad1aafd0c0 mode 3
Event: 4.146 Thread 0x000001f2984f2450 DEOPT PACKING pc=0x000001f28a26e297 sp=0x000000ad1abfec10
Event: 4.146 Thread 0x000001f2984f2450 DEOPT UNPACKING pc=0x000001f289e47143 sp=0x000000ad1abfe068 mode 3

Classes unloaded (20 events):
Event: 64.619 Thread 0x000001f292404530 Unloading class 0x0000000100094800 'java/lang/invoke/LambdaForm$MH+0x0000000100094800'
Event: 64.619 Thread 0x000001f292404530 Unloading class 0x0000000100094400 'java/lang/invoke/LambdaForm$MH+0x0000000100094400'
Event: 64.619 Thread 0x000001f292404530 Unloading class 0x000000010008e800 'java/lang/invoke/LambdaForm$MH+0x000000010008e800'
Event: 64.619 Thread 0x000001f292404530 Unloading class 0x000000010008e400 'java/lang/invoke/LambdaForm$MH+0x000000010008e400'
Event: 64.619 Thread 0x000001f292404530 Unloading class 0x000000010008e000 'java/lang/invoke/LambdaForm$MH+0x000000010008e000'
Event: 64.619 Thread 0x000001f292404530 Unloading class 0x000000010008dc00 'java/lang/invoke/LambdaForm$MH+0x000000010008dc00'
Event: 64.619 Thread 0x000001f292404530 Unloading class 0x000000010008d800 'java/lang/invoke/LambdaForm$MH+0x000000010008d800'
Event: 64.619 Thread 0x000001f292404530 Unloading class 0x000000010008d400 'java/lang/invoke/LambdaForm$MH+0x000000010008d400'
Event: 64.619 Thread 0x000001f292404530 Unloading class 0x000000010008cc00 'java/lang/invoke/LambdaForm$MH+0x000000010008cc00'
Event: 64.619 Thread 0x000001f292404530 Unloading class 0x000000010008c800 'java/lang/invoke/LambdaForm$MH+0x000000010008c800'
Event: 64.619 Thread 0x000001f292404530 Unloading class 0x000000010008c000 'java/lang/invoke/LambdaForm$MH+0x000000010008c000'
Event: 64.619 Thread 0x000001f292404530 Unloading class 0x000000010008bc00 'java/lang/invoke/LambdaForm$MH+0x000000010008bc00'
Event: 64.619 Thread 0x000001f292404530 Unloading class 0x000000010008ac00 'java/lang/invoke/LambdaForm$MH+0x000000010008ac00'
Event: 64.619 Thread 0x000001f292404530 Unloading class 0x000000010008a400 'java/lang/invoke/LambdaForm$MH+0x000000010008a400'
Event: 64.619 Thread 0x000001f292404530 Unloading class 0x000000010008a000 'java/lang/invoke/LambdaForm$MH+0x000000010008a000'
Event: 64.619 Thread 0x000001f292404530 Unloading class 0x0000000100089c00 'java/lang/invoke/LambdaForm$MH+0x0000000100089c00'
Event: 64.619 Thread 0x000001f292404530 Unloading class 0x0000000100089800 'java/lang/invoke/LambdaForm$MH+0x0000000100089800'
Event: 64.619 Thread 0x000001f292404530 Unloading class 0x0000000100089400 'java/lang/invoke/LambdaForm$MH+0x0000000100089400'
Event: 64.619 Thread 0x000001f292404530 Unloading class 0x0000000100088c00 'java/lang/invoke/LambdaForm$MH+0x0000000100088c00'
Event: 64.619 Thread 0x000001f292404530 Unloading class 0x0000000100088400 'java/lang/invoke/LambdaForm$MH+0x0000000100088400'

Classes redefined (0 events):
No events

Internal exceptions (20 events):
Event: 3.078 Thread 0x000001f287165610 Exception <a 'java/lang/NoSuchMethodError'{0x00000000c41be5b8}: 'int java.lang.invoke.Invokers$Holder.linkToTargetMethod(java.lang.Object, java.lang.Object)'> (0x00000000c41be5b8) 
thrown [s\src\hotspot\share\interpreter\linkResolver.cpp, line 759]
Event: 3.099 Thread 0x000001f287165610 Exception <a 'java/lang/NoSuchMethodError'{0x00000000c40ae458}: 'java.lang.Object java.lang.invoke.DirectMethodHandle$Holder.invokeSpecial(java.lang.Object, java.lang.Object, java.lang.Object, java.lang.Object, java.lang.Object, java.lang.Object, java.lang.Object, java.lang.Object, java.lang.Object, java.lang.Object)'> (0x00000000c40ae458) 
thrown [s\src\hotspot\share\interpreter\linkResolver.cpp, line 759]
Event: 3.099 Thread 0x000001f287165610 Exception <a 'java/lang/NoSuchMethodError'{0x00000000c40b2a40}: 'java.lang.Object java.lang.invoke.Invokers$Holder.invoke_MT(java.lang.Object, java.lang.Object, java.lang.Object, java.lang.Object, java.lang.Object, java.lang.Object, java.lang.Object, java.lang.Object, java.lang.Object, java.lang.Object)'> (0x00000000c40b2a40) 
thrown [s\src\hotspot\share\interpreter\linkResolver.cpp, line 759]
Event: 3.102 Thread 0x000001f287165610 Exception <a 'java/lang/NoSuchMethodError'{0x00000000c40f9da0}: 'java.lang.Object java.lang.invoke.DirectMethodHandle$Holder.invokeSpecial(java.lang.Object, java.lang.Object, int, java.lang.Object, java.lang.Object)'> (0x00000000c40f9da0) 
thrown [s\src\hotspot\share\interpreter\linkResolver.cpp, line 759]
Event: 3.103 Thread 0x000001f287165610 Exception <a 'java/lang/NoSuchMethodError'{0x00000000c40fda48}: 'java.lang.Object java.lang.invoke.DelegatingMethodHandle$Holder.delegate(java.lang.Object, int, java.lang.Object, java.lang.Object)'> (0x00000000c40fda48) 
thrown [s\src\hotspot\share\interpreter\linkResolver.cpp, line 759]
Event: 3.103 Thread 0x000001f287165610 Exception <a 'java/lang/NoSuchMethodError'{0x00000000c3f0e928}: 'int java.lang.invoke.Invokers$Holder.linkToTargetMethod(java.lang.Object, java.lang.Object, java.lang.Object)'> (0x00000000c3f0e928) 
thrown [s\src\hotspot\share\interpreter\linkResolver.cpp, line 759]
Event: 3.184 Thread 0x000001f287165610 Exception <a 'java/lang/NoSuchMethodError'{0x00000000c3b8eb80}: 'java.lang.Object java.lang.invoke.DirectMethodHandle$Holder.invokeStaticInit(java.lang.Object, int, int, int, int)'> (0x00000000c3b8eb80) 
thrown [s\src\hotspot\share\interpreter\linkResolver.cpp, line 759]
Event: 3.235 Thread 0x000001f287165610 Exception <a 'java/lang/NoSuchMethodError'{0x00000000c3be41e8}: 'java.lang.Object java.lang.invoke.DirectMethodHandle$Holder.invokeStaticInit(java.lang.Object, java.lang.Object, int, int, int, int)'> (0x00000000c3be41e8) 
thrown [s\src\hotspot\share\interpreter\linkResolver.cpp, line 759]
Event: 3.372 Thread 0x000001f287165610 Exception <a 'java/lang/NoSuchMethodError'{0x00000000c32217b8}: 'void java.lang.invoke.DirectMethodHandle$Holder.invokeSpecialIFC(java.lang.Object, java.lang.Object, java.lang.Object)'> (0x00000000c32217b8) 
thrown [s\src\hotspot\share\interpreter\linkResolver.cpp, line 759]
Event: 3.659 Thread 0x000001f287165610 Exception <a 'java/lang/NoSuchMethodError'{0x00000000c3a118f0}: 'int java.lang.invoke.DirectMethodHandle$Holder.invokeStaticInit(java.lang.Object, java.lang.Object, int, java.lang.Object)'> (0x00000000c3a118f0) 
thrown [s\src\hotspot\share\interpreter\linkResolver.cpp, line 759]
Event: 3.691 Thread 0x000001f287165610 Exception <a 'java/lang/NoSuchMethodError'{0x00000000c3922aa0}: 'void java.lang.invoke.DirectMethodHandle$Holder.invokeSpecial(java.lang.Object, java.lang.Object, java.lang.Object, java.lang.Object, java.lang.Object, java.lang.Object, java.lang.Object)'> (0x00000000c3922aa0) 
thrown [s\src\hotspot\share\interpreter\linkResolver.cpp, line 759]
Event: 3.800 Thread 0x000001f287165610 Exception <a 'java/lang/NoSuchMethodError'{0x00000000c35b4068}: 'java.lang.Object java.lang.invoke.DirectMethodHandle$Holder.invokeInterface(java.lang.Object, java.lang.Object, int)'> (0x00000000c35b4068) 
thrown [s\src\hotspot\share\interpreter\linkResolver.cpp, line 759]
Event: 3.802 Thread 0x000001f287165610 Exception <a 'java/lang/IncompatibleClassChangeError'{0x00000000c35ca930}: Found class java.lang.Object, but interface was expected> (0x00000000c35ca930) 
thrown [s\src\hotspot\share\interpreter\linkResolver.cpp, line 826]
Event: 3.913 Thread 0x000001f287165610 Exception <a 'java/lang/NoSuchMethodError'{0x00000000c5ad0a20}: 'java.lang.Object java.lang.invoke.DirectMethodHandle$Holder.newInvokeSpecial(java.lang.Object, java.lang.Object, int, java.lang.Object, java.lang.Object)'> (0x00000000c5ad0a20) 
thrown [s\src\hotspot\share\interpreter\linkResolver.cpp, line 759]
Event: 3.914 Thread 0x000001f287165610 Exception <a 'java/lang/NoSuchMethodError'{0x00000000c5ae3b40}: 'java.lang.Object java.lang.invoke.DirectMethodHandle$Holder.invokeSpecial(java.lang.Object, java.lang.Object, int, java.lang.Object, int, java.lang.Object)'> (0x00000000c5ae3b40) 
thrown [s\src\hotspot\share\interpreter\linkResolver.cpp, line 759]
Event: 3.914 Thread 0x000001f287165610 Exception <a 'java/lang/NoSuchMethodError'{0x00000000c5aeb948}: 'java.lang.Object java.lang.invoke.DirectMethodHandle$Holder.newInvokeSpecial(java.lang.Object, java.lang.Object, int, java.lang.Object, int)'> (0x00000000c5aeb948) 
thrown [s\src\hotspot\share\interpreter\linkResolver.cpp, line 759]
Event: 3.914 Thread 0x000001f287165610 Exception <a 'java/lang/NoSuchMethodError'{0x00000000c5aefa48}: 'java.lang.Object java.lang.invoke.DirectMethodHandle$Holder.invokeSpecial(java.lang.Object, java.lang.Object, java.lang.Object, int, java.lang.Object, int)'> (0x00000000c5aefa48) 
thrown [s\src\hotspot\share\interpreter\linkResolver.cpp, line 759]
Event: 4.120 Thread 0x000001f2984f2450 Exception <a 'java/lang/NoSuchMethodError'{0x00000000c3ca7a50}: 'java.lang.Object java.lang.invoke.DirectMethodHandle$Holder.invokeStatic(java.lang.Object, int, java.lang.Object)'> (0x00000000c3ca7a50) 
thrown [s\src\hotspot\share\interpreter\linkResolver.cpp, line 759]
Event: 43.945 Thread 0x000001f298480500 Exception <a 'java/lang/NoSuchMethodError'{0x00000000c5a7dce8}: 'void java.lang.invoke.DirectMethodHandle$Holder.invokeStatic(java.lang.Object, long)'> (0x00000000c5a7dce8) 
thrown [s\src\hotspot\share\interpreter\linkResolver.cpp, line 759]
Event: 43.945 Thread 0x000001f298480500 Exception <a 'java/lang/NoSuchMethodError'{0x00000000c5a83090}: 'java.lang.Object java.lang.invoke.DirectMethodHandle$Holder.newInvokeSpecial(java.lang.Object, long)'> (0x00000000c5a83090) 
thrown [s\src\hotspot\share\interpreter\linkResolver.cpp, line 759]

VM Operations (20 events):
Event: 421.821 Executing VM operation: G1CollectFull done
Event: 432.137 Executing VM operation: G1CollectFull
Event: 432.154 Executing VM operation: G1CollectFull done
Event: 442.313 Executing VM operation: G1CollectFull
Event: 442.326 Executing VM operation: G1CollectFull done
Event: 452.505 Executing VM operation: G1CollectFull
Event: 452.524 Executing VM operation: G1CollectFull done
Event: 462.669 Executing VM operation: G1CollectFull
Event: 462.681 Executing VM operation: G1CollectFull done
Event: 472.844 Executing VM operation: G1CollectFull
Event: 472.861 Executing VM operation: G1CollectFull done
Event: 483.255 Executing VM operation: G1CollectFull
Event: 483.281 Executing VM operation: G1CollectFull done
Event: 493.441 Executing VM operation: G1CollectFull
Event: 493.456 Executing VM operation: G1CollectFull done
Event: 503.637 Executing VM operation: G1CollectFull
Event: 503.653 Executing VM operation: G1CollectFull done
Event: 513.843 Executing VM operation: G1CollectFull
Event: 513.860 Executing VM operation: G1CollectFull done
Event: 523.892 Executing VM operation: G1CollectFull

Events (20 events):
Event: 4.141 loading class java/util/concurrent/CompletableFuture$AsyncRun
Event: 4.141 loading class java/util/concurrent/CompletableFuture$AsyncRun done
Event: 4.141 Thread 0x000001f2984fa3f0 Thread added: 0x000001f2984fa3f0
Event: 4.142 loading class java/util/concurrent/ConcurrentHashMap$ValueSpliterator
Event: 4.142 loading class java/util/concurrent/ConcurrentHashMap$ValueSpliterator done
Event: 9.161 Thread 0x000001f298108580 Thread exited: 0x000001f298108580
Event: 9.161 Thread 0x000001f298108060 Thread exited: 0x000001f298108060
Event: 14.162 Thread 0x000001f2925ee340 Thread exited: 0x000001f2925ee340
Event: 43.936 loading class java/lang/ProcessBuilder
Event: 43.936 loading class java/lang/ProcessBuilder done
Event: 43.937 loading class java/lang/ProcessImpl
Event: 43.937 loading class java/lang/ProcessImpl done
Event: 43.945 loading class java/lang/ProcessImpl$2
Event: 43.946 loading class java/lang/ProcessImpl$2 done
Event: 43.946 loading class java/lang/Process$PipeInputStream
Event: 43.946 loading class java/lang/Process$PipeInputStream done
Event: 43.946 loading class jdk/internal/event/ProcessStartEvent
Event: 43.947 loading class jdk/internal/event/ProcessStartEvent done
Event: 44.110 loading class java/io/FileOutputStream$1
Event: 44.110 loading class java/io/FileOutputStream$1 done


Dynamic libraries:
0x00007ff6164c0000 - 0x00007ff6164ce000 	c:\Users\julia\.vscode\extensions\redhat.java-1.29.0-win32-x64\jre\17.0.10-win32-x86_64\bin\java.exe
0x00007ff9035d0000 - 0x00007ff9037e6000 	C:\Windows\SYSTEM32\ntdll.dll
0x00007ff901770000 - 0x00007ff901834000 	C:\Windows\System32\KERNEL32.DLL
0x00007ff900ee0000 - 0x00007ff901287000 	C:\Windows\System32\KERNELBASE.dll
0x00007ff900d10000 - 0x00007ff900e21000 	C:\Windows\System32\ucrtbase.dll
0x00007ff8d3870000 - 0x00007ff8d388b000 	c:\Users\julia\.vscode\extensions\redhat.java-1.29.0-win32-x64\jre\17.0.10-win32-x86_64\bin\VCRUNTIME140.dll
0x00007ff8d39a0000 - 0x00007ff8d39b7000 	c:\Users\julia\.vscode\extensions\redhat.java-1.29.0-win32-x64\jre\17.0.10-win32-x86_64\bin\jli.dll
0x00007ff902190000 - 0x00007ff90233e000 	C:\Windows\System32\USER32.dll
0x00007ff900e30000 - 0x00007ff900e56000 	C:\Windows\System32\win32u.dll
0x00007ff902750000 - 0x00007ff902779000 	C:\Windows\System32\GDI32.dll
0x00007ff8ffc40000 - 0x00007ff8ffed3000 	C:\Windows\WinSxS\amd64_microsoft.windows.common-controls_6595b64144ccf1df_6.0.22621.3235_none_270f74e173860f98\COMCTL32.dll
0x00007ff901a80000 - 0x00007ff901b27000 	C:\Windows\System32\msvcrt.dll
0x00007ff9008f0000 - 0x00007ff900a09000 	C:\Windows\System32\gdi32full.dll
0x00007ff900b80000 - 0x00007ff900c1a000 	C:\Windows\System32\msvcp_win.dll
0x00007ff9029e0000 - 0x00007ff902a11000 	C:\Windows\System32\IMM32.DLL
0x00007ff8fa9b0000 - 0x00007ff8fa9bc000 	c:\Users\julia\.vscode\extensions\redhat.java-1.29.0-win32-x64\jre\17.0.10-win32-x86_64\bin\vcruntime140_1.dll
0x00007ff8c76f0000 - 0x00007ff8c777d000 	c:\Users\julia\.vscode\extensions\redhat.java-1.29.0-win32-x64\jre\17.0.10-win32-x86_64\bin\msvcp140.dll
0x00007ff8a8690000 - 0x00007ff8a92f2000 	c:\Users\julia\.vscode\extensions\redhat.java-1.29.0-win32-x64\jre\17.0.10-win32-x86_64\bin\server\jvm.dll
0x00007ff901440000 - 0x00007ff9014f2000 	C:\Windows\System32\ADVAPI32.dll
0x00007ff901610000 - 0x00007ff9016b8000 	C:\Windows\System32\sechost.dll
0x00007ff900ce0000 - 0x00007ff900d08000 	C:\Windows\System32\bcrypt.dll
0x00007ff901840000 - 0x00007ff901955000 	C:\Windows\System32\RPCRT4.dll
0x00007ff900210000 - 0x00007ff90025d000 	C:\Windows\SYSTEM32\POWRPROF.dll
0x00007ff8f8d90000 - 0x00007ff8f8dc4000 	C:\Windows\SYSTEM32\WINMM.dll
0x00007ff8f7f90000 - 0x00007ff8f7f9a000 	C:\Windows\SYSTEM32\VERSION.dll
0x00007ff8df980000 - 0x00007ff8df989000 	C:\Windows\SYSTEM32\WSOCK32.dll
0x00007ff902780000 - 0x00007ff9027f1000 	C:\Windows\System32\WS2_32.dll
0x00007ff8fff20000 - 0x00007ff8fff33000 	C:\Windows\SYSTEM32\UMPDC.dll
0x00007ff8ff0c0000 - 0x00007ff8ff0d8000 	C:\Windows\SYSTEM32\kernel.appcore.dll
0x00007ff8f8c80000 - 0x00007ff8f8c8a000 	c:\Users\julia\.vscode\extensions\redhat.java-1.29.0-win32-x64\jre\17.0.10-win32-x86_64\bin\jimage.dll
0x00007ff900260000 - 0x00007ff900493000 	C:\Windows\SYSTEM32\DBGHELP.DLL
0x00007ff902350000 - 0x00007ff9026d8000 	C:\Windows\System32\combase.dll
0x00007ff9020b0000 - 0x00007ff902187000 	C:\Windows\System32\OLEAUT32.dll
0x00007ff900100000 - 0x00007ff900132000 	C:\Windows\SYSTEM32\dbgcore.DLL
0x00007ff900e60000 - 0x00007ff900ed9000 	C:\Windows\System32\bcryptPrimitives.dll
0x00007ff8d2d90000 - 0x00007ff8d2db5000 	c:\Users\julia\.vscode\extensions\redhat.java-1.29.0-win32-x64\jre\17.0.10-win32-x86_64\bin\java.dll
0x00007ff8d2ea0000 - 0x00007ff8d2eb8000 	c:\Users\julia\.vscode\extensions\redhat.java-1.29.0-win32-x64\jre\17.0.10-win32-x86_64\bin\zip.dll
0x00007ff902b80000 - 0x00007ff9033dc000 	C:\Windows\System32\SHELL32.dll
0x00007ff8fde20000 - 0x00007ff8fe719000 	C:\Windows\SYSTEM32\windows.storage.dll
0x00007ff8fdcc0000 - 0x00007ff8fddfe000 	C:\Windows\SYSTEM32\wintypes.dll
0x00007ff901960000 - 0x00007ff901a53000 	C:\Windows\System32\SHCORE.dll
0x00007ff901500000 - 0x00007ff90155e000 	C:\Windows\System32\shlwapi.dll
0x00007ff900820000 - 0x00007ff900841000 	C:\Windows\SYSTEM32\profapi.dll
0x00007ff8d29c0000 - 0x00007ff8d29d9000 	C:\Users\julia\.vscode\extensions\redhat.java-1.29.0-win32-x64\jre\17.0.10-win32-x86_64\bin\net.dll
0x00007ff8fa080000 - 0x00007ff8fa1b6000 	C:\Windows\SYSTEM32\WINHTTP.dll
0x00007ff8ff520000 - 0x00007ff8ff589000 	C:\Windows\system32\mswsock.dll
0x00007ff8d29a0000 - 0x00007ff8d29b6000 	C:\Users\julia\.vscode\extensions\redhat.java-1.29.0-win32-x64\jre\17.0.10-win32-x86_64\bin\nio.dll
0x00007ff8e08d0000 - 0x00007ff8e08e0000 	c:\Users\julia\.vscode\extensions\redhat.java-1.29.0-win32-x64\jre\17.0.10-win32-x86_64\bin\verify.dll
0x00007ff900590000 - 0x00007ff9005ab000 	C:\Windows\SYSTEM32\CRYPTSP.dll
0x00007ff8ff4e0000 - 0x00007ff8ff515000 	C:\Windows\system32\rsaenh.dll
0x00007ff8ff600000 - 0x00007ff8ff628000 	C:\Windows\SYSTEM32\USERENV.dll
0x00007ff8ff980000 - 0x00007ff8ff98c000 	C:\Windows\SYSTEM32\CRYPTBASE.dll
0x00007ff8febc0000 - 0x00007ff8febed000 	C:\Windows\SYSTEM32\IPHLPAPI.DLL
0x00007ff902340000 - 0x00007ff902349000 	C:\Windows\System32\NSI.dll
0x00007ff8f9b30000 - 0x00007ff8f9b49000 	C:\Windows\SYSTEM32\dhcpcsvc6.DLL
0x00007ff8f9b10000 - 0x00007ff8f9b2f000 	C:\Windows\SYSTEM32\dhcpcsvc.DLL
0x00007ff8fec40000 - 0x00007ff8fed39000 	C:\Windows\SYSTEM32\DNSAPI.dll
0x00007ff8fa3f0000 - 0x00007ff8fa3f9000 	C:\Users\julia\.vscode\extensions\redhat.java-1.29.0-win32-x64\jre\17.0.10-win32-x86_64\bin\management.dll
0x00007ff8f8960000 - 0x00007ff8f896b000 	C:\Users\julia\.vscode\extensions\redhat.java-1.29.0-win32-x64\jre\17.0.10-win32-x86_64\bin\management_ext.dll
0x00007ff901a70000 - 0x00007ff901a78000 	C:\Windows\System32\PSAPI.DLL

dbghelp: loaded successfully - version: 4.0.5 - missing functions: none
symbol engine: initialized successfully - sym options: 0x614 - pdb path: .;c:\Users\julia\.vscode\extensions\redhat.java-1.29.0-win32-x64\jre\17.0.10-win32-x86_64\bin;C:\Windows\SYSTEM32;C:\Windows\WinSxS\amd64_microsoft.windows.common-controls_6595b64144ccf1df_6.0.22621.3235_none_270f74e173860f98;c:\Users\julia\.vscode\extensions\redhat.java-1.29.0-win32-x64\jre\17.0.10-win32-x86_64\bin\server

VM Arguments:
jvm_args: -XX:+HeapDumpOnOutOfMemoryError -Xmx1024m -Dsts.lsp.client=vscode -Dsts.log.file=/dev/null -XX:TieredStopAtLevel=1 -Xlog:jni+resolve=off -Dspring.config.location=file:c:\Users\julia\.vscode\extensions\vmware.vscode-spring-boot-1.53.0\language-server\BOOT-INF\classes\application.properties 
java_command: org.springframework.ide.vscode.boot.app.BootLanguageServerBootApp
java_class_path (initial): c:\Users\julia\.vscode\extensions\vmware.vscode-spring-boot-1.53.0\language-server\BOOT-INF\classes;c:\Users\julia\.vscode\extensions\vmware.vscode-spring-boot-1.53.0\language-server\BOOT-INF\lib\annotations-24.1.0.jar;c:\Users\julia\.vscode\extensions\vmware.vscode-spring-boot-1.53.0\language-server\BOOT-INF\lib\antlr4-runtime-4.11.1.jar;c:\Users\julia\.vscode\extensions\vmware.vscode-spring-boot-1.53.0\language-server\BOOT-INF\lib\asm-9.6.jar;c:\Users\julia\.vscode\extensions\vmware.vscode-spring-boot-1.53.0\language-server\BOOT-INF\lib\asm-analysis-9.6.jar;c:\Users\julia\.vscode\extensions\vmware.vscode-spring-boot-1.53.0\language-server\BOOT-INF\lib\asm-tree-9.6.jar;c:\Users\julia\.vscode\extensions\vmware.vscode-spring-boot-1.53.0\language-server\BOOT-INF\lib\asm-util-9.6.jar;c:\Users\julia\.vscode\extensions\vmware.vscode-spring-boot-1.53.0\language-server\BOOT-INF\lib\caffeine-3.1.8.jar;c:\Users\julia\.vscode\extensions\vmware.vscode-spring-boot-1.53.0\language-server\BOOT-INF\lib\checker-qual-3.12.0.jar;c:\Users\julia\.vscode\extensions\vmware.vscode-spring-boot-1.53.0\language-server\BOOT-INF\lib\classgraph-4.8.149.jar;c:\Users\julia\.vscode\extensions\vmware.vscode-spring-boot-1.53.0\language-server\BOOT-INF\lib\commons-codec-1.16.1.jar;c:\Users\julia\.vscode\extensions\vmware.vscode-spring-boot-1.53.0\language-server\BOOT-INF\lib\commons-compress-1.26.0.jar;c:\Users\julia\.vscode\extensions\vmware.vscode-spring-boot-1.53.0\language-server\BOOT-INF\lib\commons-io-2.4.jar;c:\Users\julia\.vscode\extensions\vmware.vscode-spring-boot-1.53.0\language-server\BOOT-INF\lib\commons-java-1.53.0-SNAPSHOT.jar;c:\Users\julia\.vscode\extensions\vmware.vscode-spring-boot-1.53.0\language-server\BOOT-INF\lib\commons-lang3-3.13.0.jar;c:\Users\julia\.vscode\extensions\vmware.vscode-spring-boot-1.53.0\language-server\BOOT-INF\lib\commons-language-server-1.53.0-SNAPSHOT.jar;c:\Users\julia\.vscode\extensions\vmware.vscode-spring-boot-1.53.0\language
Launcher Type: SUN_STANDARD

[Global flags]
     intx CICompilerCount                          = 4                                         {product} {ergonomic}
     uint ConcGCThreads                            = 3                                         {product} {ergonomic}
     uint G1ConcRefinementThreads                  = 10                                        {product} {ergonomic}
   size_t G1HeapRegionSize                         = 1048576                                   {product} {ergonomic}
    uintx GCDrainStackTargetSize                   = 64                                        {product} {ergonomic}
     bool HeapDumpOnOutOfMemoryError               = true                                   {manageable} {command line}
   size_t InitialHeapSize                          = 130023424                                 {product} {ergonomic}
   size_t MarkStackSize                            = 4194304                                   {product} {ergonomic}
   size_t MaxHeapSize                              = 1073741824                                {product} {command line}
   size_t MaxNewSize                               = 643825664                                 {product} {ergonomic}
   size_t MinHeapDeltaBytes                        = 1048576                                   {product} {ergonomic}
   size_t MinHeapSize                              = 8388608                                   {product} {ergonomic}
    uintx NonProfiledCodeHeapSize                  = 0                                      {pd product} {ergonomic}
     bool ProfileInterpreter                       = false                                  {pd product} {command line}
    uintx ProfiledCodeHeapSize                     = 0                                      {pd product} {ergonomic}
   size_t SoftMaxHeapSize                          = 1073741824                             {manageable} {ergonomic}
     intx TieredStopAtLevel                        = 1                                         {product} {command line}
     bool UseCompressedClassPointers               = true                           {product lp64_product} {ergonomic}
     bool UseCompressedOops                        = true                           {product lp64_product} {ergonomic}
     bool UseG1GC                                  = true                                      {product} {ergonomic}
     bool UseLargePagesIndividualAllocation        = false                                  {pd product} {ergonomic}

Logging:
Log output configuration:
 #0: stdout all=warning,jni+resolve=off uptime,level,tags
 #1: stderr all=off uptime,level,tags

Environment Variables:
PATH=C:\Program Files\Common Files\Oracle\Java\javapath;C:\Program Files (x86)\Common Files\Oracle\Java\javapath;C:\Windows\system32;C:\Windows;C:\Windows\System32\Wbem;C:\Windows\System32\WindowsPowerShell\v1.0\;C:\Windows\System32\OpenSSH\;C:\Program Files (x86)\NVIDIA Corporation\PhysX\Common;C:\Program Files\NVIDIA Corporation\NVIDIA NvDLISR;C:\Program Files\dotnet\;C:\Program Files\Docker\Docker\resources\bin;C:\Program Files\Git\cmd;C:\workspace\apache-maven-3.9.6-bin\apache-maven-3.9.6\bin;C:\Users\julia\AppData\Local\Programs\Python\Python312\Scripts\;C:\Users\julia\AppData\Local\Programs\Python\Python312\;C:\Users\julia\AppData\Local\Microsoft\WindowsApps;;C:\Users\julia\AppData\Local\Programs\Microsoft VS Code\bin
USERNAME=julia
OS=Windows_NT
PROCESSOR_IDENTIFIER=Intel64 Family 6 Model 154 Stepping 3, GenuineIntel
TMP=C:\Users\julia\AppData\Local\Temp
TEMP=C:\Users\julia\AppData\Local\Temp



Periodic native trim disabled


---------------  S Y S T E M  ---------------

OS:
 Windows 11 , 64 bit Build 22621 (10.0.22621.3374)
OS uptime: 0 days 3:38 hours
Hyper-V role detected

CPU: total 12 (initial active 12) (6 cores per cpu, 2 threads per core) family 6 model 154 stepping 3 microcode 0x423, cx8, cmov, fxsr, ht, mmx, 3dnowpref, sse, sse2, sse3, ssse3, sse4.1, sse4.2, popcnt, lzcnt, tsc, tscinvbit, avx, avx2, aes, erms, clmul, bmi1, bmi2, adx, sha, fma, vzeroupper, clflush, clflushopt, clwb, hv
Processor Information for processor 0
  Max Mhz: 2500, Current Mhz: 2500, Mhz Limit: 2500
Processor Information for processor 1
  Max Mhz: 2500, Current Mhz: 2500, Mhz Limit: 2500
Processor Information for processor 2
  Max Mhz: 2500, Current Mhz: 2500, Mhz Limit: 2500
Processor Information for processor 3
  Max Mhz: 2500, Current Mhz: 2500, Mhz Limit: 2500
Processor Information for processor 4
  Max Mhz: 2500, Current Mhz: 2500, Mhz Limit: 2500
Processor Information for processor 5
  Max Mhz: 2500, Current Mhz: 2500, Mhz Limit: 2500
Processor Information for processor 6
  Max Mhz: 2500, Current Mhz: 2500, Mhz Limit: 2500
Processor Information for processor 7
  Max Mhz: 2500, Current Mhz: 1500, Mhz Limit: 2500
Processor Information for processor 8
  Max Mhz: 2500, Current Mhz: 1875, Mhz Limit: 1875
Processor Information for processor 9
  Max Mhz: 2500, Current Mhz: 1875, Mhz Limit: 1875
Processor Information for processor 10
  Max Mhz: 2500, Current Mhz: 1875, Mhz Limit: 1875
Processor Information for processor 11
  Max Mhz: 2500, Current Mhz: 1875, Mhz Limit: 1875

Memory: 4k page, system-wide physical 7878M (353M free)
TotalPageFile size 16070M (AvailPageFile size 11M)
current process WorkingSet (physical memory assigned to process): 38M, peak: 165M
current process commit charge ("private bytes"): 208M, peak: 233M

vm_info: OpenJDK 64-Bit Server VM (17.0.10+7) for windows-amd64 JRE (17.0.10+7), built on Jan 16 2024 23:25:11 by "admin" with MS VC++ 16.10 / 16.11 (VS2019)

END.
