#
# There is insufficient memory for the Java Runtime Environment to continue.
# Native memory allocation (malloc) failed to allocate 151216 bytes for Chunk::new
# Possible reasons:
#   The system is out of physical RAM or swap space
#   The process is running with CompressedOops enabled, and the Java Heap may be blocking the growth of the native heap
# Possible solutions:
#   Reduce memory load on the system
#   Increase physical memory or swap space
#   Check if swap backing store is full
#   Decrease Java heap size (-Xmx/-Xms)
#   Decrease number of Java threads
#   Decrease Java thread stack sizes (-Xss)
#   Set larger code cache with -XX:ReservedCodeCacheSize=
#   JVM is running with Unscaled Compressed Oops mode in which the Java heap is
#     placed in the first 4GB address space. The Java Heap base address is the
#     maximum limit for the native heap growth. Please use -XX:HeapBaseMinAddress
#     to set the Java Heap base and to place the Java Heap above 4GB virtual address.
# This output file may be truncated or incomplete.
#
#  Out of Memory Error (arena.cpp:191), pid=7108, tid=13328
#
# JRE version: OpenJDK Runtime Environment Temurin-17.0.10+7 (17.0.10+7) (build 17.0.10+7)
# Java VM: OpenJDK 64-Bit Server VM Temurin-17.0.10+7 (17.0.10+7, mixed mode, tiered, compressed oops, compressed class ptrs, parallel gc, windows-amd64)
# No core dump will be written. Minidumps are not enabled by default on client versions of Windows
#

---------------  S U M M A R Y ------------

Command Line: --add-modules=ALL-SYSTEM --add-opens=java.base/java.util=ALL-UNNAMED --add-opens=java.base/java.lang=ALL-UNNAMED --add-opens=java.base/sun.nio.fs=ALL-UNNAMED -Declipse.application=org.eclipse.jdt.ls.core.id1 -Dosgi.bundles.defaultStartLevel=4 -Declipse.product=org.eclipse.jdt.ls.core.product -Djava.import.generatesMetadataFilesAtProjectRoot=false -DDetectVMInstallationsJob.disabled=true -Dfile.encoding=utf8 -XX:+UseParallelGC -XX:GCTimeRatio=4 -XX:AdaptiveSizePolicyWeight=90 -Dsun.zip.disableMemoryMapping=true -Xmx1G -Xms100m -Xlog:disable -javaagent:c:\Users\julia\.vscode\extensions\redhat.java-1.29.0-win32-x64\lombok\lombok-1.18.32.jar -XX:+HeapDumpOnOutOfMemoryError -XX:HeapDumpPath=c:\Users\julia\AppData\Roaming\Code\User\workspaceStorage\26c4c57eefdccec7da8e87e1942c4394\redhat.java -Daether.dependencyCollector.impl=bf c:\Users\julia\.vscode\extensions\redhat.java-1.29.0-win32-x64\server\plugins\org.eclipse.equinox.launcher_1.6.800.v20240304-1850.jar -configuration c:\Users\julia\AppData\Roaming\Code\User\globalStorage\redhat.java\1.29.0\config_win -data c:\Users\julia\AppData\Roaming\Code\User\workspaceStorage\26c4c57eefdccec7da8e87e1942c4394\redhat.java\jdt_ws --stdio

Host: 12th Gen Intel(R) Core(TM) i5-12450H, 12 cores, 7G,  Windows 11 , 64 bit Build 22621 (10.0.22621.3374)
Time: Sun Apr  7 21:00:39 2024 Hora est. Pacífico, Sudamérica elapsed time: 0.454771 seconds (0d 0h 0m 0s)

---------------  T H R E A D  ---------------

Current thread (0x0000014fd82d92e0):  JavaThread "C2 CompilerThread0" daemon [_thread_in_native, id=13328, stack(0x00000013a5000000,0x00000013a5100000)]


Current CompileTask:
C2:    454  531       4       lombok.patcher.PatchScript::classMatches (41 bytes)

Stack: [0x00000013a5000000,0x00000013a5100000]
Native frames: (J=compiled Java code, j=interpreted, Vv=VM code, C=native code)
V  [jvm.dll+0x67d2c9]
V  [jvm.dll+0x834afa]
V  [jvm.dll+0x8365be]
V  [jvm.dll+0x836c23]
V  [jvm.dll+0x2477ff]
V  [jvm.dll+0xac514]
V  [jvm.dll+0xacb5c]
V  [jvm.dll+0x2aed1f]
V  [jvm.dll+0x584b67]
V  [jvm.dll+0x2228a2]
V  [jvm.dll+0x21bb42]
V  [jvm.dll+0x219201]
V  [jvm.dll+0x1a502d]
V  [jvm.dll+0x2290de]
V  [jvm.dll+0x2272ac]
V  [jvm.dll+0x7e9bb7]
V  [jvm.dll+0x7e3fba]
V  [jvm.dll+0x67c1b5]
C  [ucrtbase.dll+0x29333]
C  [KERNEL32.DLL+0x1257d]
C  [ntdll.dll+0x5aa48]


---------------  P R O C E S S  ---------------

Threads class SMR info:
_java_thread_list=0x0000014fd9aac280, length=13, elements={
0x0000014fbf32f1a0, 0x0000014fd31b2030, 0x0000014fd31b5580, 0x0000014fd31bdf90,
0x0000014fd82cefa0, 0x0000014fd82d0170, 0x0000014fd82d3c20, 0x0000014fd82d92e0,
0x0000014fd82dbfb0, 0x0000014fd82e16b0, 0x0000014fbf392c20, 0x0000014fd83546c0,
0x0000014fd9aa8020
}

Java Threads: ( => current thread )
  0x0000014fbf32f1a0 JavaThread "main" [_thread_in_vm, id=19900, stack(0x00000013a4700000,0x00000013a4800000)]
  0x0000014fd31b2030 JavaThread "Reference Handler" daemon [_thread_blocked, id=16072, stack(0x00000013a4a00000,0x00000013a4b00000)]
  0x0000014fd31b5580 JavaThread "Finalizer" daemon [_thread_blocked, id=17736, stack(0x00000013a4b00000,0x00000013a4c00000)]
  0x0000014fd31bdf90 JavaThread "Signal Dispatcher" daemon [_thread_blocked, id=13300, stack(0x00000013a4c00000,0x00000013a4d00000)]
  0x0000014fd82cefa0 JavaThread "Attach Listener" daemon [_thread_blocked, id=7912, stack(0x00000013a4d00000,0x00000013a4e00000)]
  0x0000014fd82d0170 JavaThread "Service Thread" daemon [_thread_blocked, id=14396, stack(0x00000013a4e00000,0x00000013a4f00000)]
  0x0000014fd82d3c20 JavaThread "Monitor Deflation Thread" daemon [_thread_blocked, id=6028, stack(0x00000013a4f00000,0x00000013a5000000)]
=>0x0000014fd82d92e0 JavaThread "C2 CompilerThread0" daemon [_thread_in_native, id=13328, stack(0x00000013a5000000,0x00000013a5100000)]
  0x0000014fd82dbfb0 JavaThread "C1 CompilerThread0" daemon [_thread_blocked, id=19240, stack(0x00000013a5100000,0x00000013a5200000)]
  0x0000014fd82e16b0 JavaThread "Sweeper thread" daemon [_thread_blocked, id=1720, stack(0x00000013a5200000,0x00000013a5300000)]
  0x0000014fbf392c20 JavaThread "Common-Cleaner" daemon [_thread_blocked, id=20416, stack(0x00000013a5300000,0x00000013a5400000)]
  0x0000014fd83546c0 JavaThread "C2 CompilerThread1" daemon [_thread_in_native, id=4356, stack(0x00000013a5400000,0x00000013a5500000)]
  0x0000014fd9aa8020 JavaThread "Notification Thread" daemon [_thread_blocked, id=22300, stack(0x00000013a5500000,0x00000013a5600000)]

Other Threads:
  0x0000014fbf3deb80 VMThread "VM Thread" [stack: 0x00000013a4900000,0x00000013a4a00000] [id=20660]
  0x0000014fd9aa8500 WatcherThread [stack: 0x00000013a5600000,0x00000013a5700000] [id=17656]
  0x0000014fbf345490 GCTaskThread "GC Thread#0" [stack: 0x00000013a4800000,0x00000013a4900000] [id=20948]

Threads with active compile tasks:
C2 CompilerThread0      472  531       4       lombok.patcher.PatchScript::classMatches (41 bytes)
C2 CompilerThread1      472  530       4       lombok.patcher.scripts.MethodLevelPatchScript::patch (21 bytes)

VM state: not at safepoint (normal execution)

VM Mutex/Monitor currently owned by a thread: None

Heap address: 0x00000000c0000000, size: 1024 MB, Compressed Oops mode: 32-bit

CDS archive(s) not mapped
Compressed class space mapped at: 0x0000000100000000-0x0000000140000000, reserved size: 1073741824
Narrow klass base: 0x0000000000000000, Narrow klass shift: 3, Narrow klass range: 0x140000000

GC Precious Log:
 CPUs: 12 total, 12 available
 Memory: 7878M
 Large Page Support: Disabled
 NUMA Support: Disabled
 Compressed Oops: Enabled (32-bit)
 Alignments: Space 512K, Generation 512K, Heap 2M
 Heap Min Capacity: 100M
 Heap Initial Capacity: 100M
 Heap Max Capacity: 1G
 Pre-touch: Disabled
 Parallel Workers: 10

Heap:
 PSYoungGen      total 29696K, used 13225K [0x00000000eab00000, 0x00000000ecc00000, 0x0000000100000000)
  eden space 25600K, 51% used [0x00000000eab00000,0x00000000eb7ea410,0x00000000ec400000)
  from space 4096K, 0% used [0x00000000ec800000,0x00000000ec800000,0x00000000ecc00000)
  to   space 4096K, 0% used [0x00000000ec400000,0x00000000ec400000,0x00000000ec800000)
 ParOldGen       total 68608K, used 0K [0x00000000c0000000, 0x00000000c4300000, 0x00000000eab00000)
  object space 68608K, 0% used [0x00000000c0000000,0x00000000c0000000,0x00000000c4300000)
 Metaspace       used 8736K, committed 8896K, reserved 1114112K
  class space    used 868K, committed 960K, reserved 1048576K

Card table byte_map: [0x0000014fbecc0000,0x0000014fbeed0000] _byte_map_base: 0x0000014fbe6c0000

Marking Bits: (ParMarkBitMap*) 0x00007ffad96fd7d0
 Begin Bits: [0x0000014fd0fc0000, 0x0000014fd1fc0000)
 End Bits:   [0x0000014fd1fc0000, 0x0000014fd2fc0000)

Polling page: 0x0000014fbd290000

Metaspace:

Usage:
  Non-class:      7.69 MB used.
      Class:    868.11 KB used.
       Both:      8.54 MB used.

Virtual space:
  Non-class space:       64.00 MB reserved,       7.75 MB ( 12%) committed,  1 nodes.
      Class space:        1.00 GB reserved,     960.00 KB ( <1%) committed,  1 nodes.
             Both:        1.06 GB reserved,       8.69 MB ( <1%) committed. 

Chunk freelists:
   Non-Class:  8.00 MB
       Class:  15.09 MB
        Both:  23.09 MB

MaxMetaspaceSize: unlimited
CompressedClassSpaceSize: 1.00 GB
Initial GC threshold: 21.00 MB
Current GC threshold: 21.00 MB
CDS: off
MetaspaceReclaimPolicy: balanced
 - commit_granule_bytes: 65536.
 - commit_granule_words: 8192.
 - virtual_space_node_default_size: 8388608.
 - enlarge_chunks_in_place: 1.
 - new_chunks_are_fully_committed: 0.
 - uncommit_free_chunks: 1.
 - use_allocation_guard: 0.
 - handle_deallocations: 1.


Internal statistics:

num_allocs_failed_limit: 0.
num_arena_births: 10.
num_arena_deaths: 0.
num_vsnodes_births: 2.
num_vsnodes_deaths: 0.
num_space_committed: 139.
num_space_uncommitted: 0.
num_chunks_returned_to_freelist: 0.
num_chunks_taken_from_freelist: 41.
num_chunk_merges: 0.
num_chunk_splits: 23.
num_chunks_enlarged: 22.
num_inconsistent_stats: 0.

CodeHeap 'non-profiled nmethods': size=120000Kb used=188Kb max_used=188Kb free=119812Kb
 bounds [0x0000014fc9a90000, 0x0000014fc9d00000, 0x0000014fd0fc0000]
CodeHeap 'profiled nmethods': size=120000Kb used=755Kb max_used=755Kb free=119244Kb
 bounds [0x0000014fc1fc0000, 0x0000014fc2230000, 0x0000014fc94f0000]
CodeHeap 'non-nmethods': size=5760Kb used=1132Kb max_used=1136Kb free=4627Kb
 bounds [0x0000014fc94f0000, 0x0000014fc9760000, 0x0000014fc9a90000]
 total_blobs=964 nmethods=544 adapters=335
 compilation: enabled
              stopped_count=0, restarted_count=0
 full_count=0

Compilation events (20 events):
Event: 0.444 Thread 0x0000014fd82dbfb0  529       3       java.util.regex.Pattern::peek (26 bytes)
Event: 0.444 Thread 0x0000014fd82dbfb0 nmethod 529 0x0000014fc2079090 code [0x0000014fc2079240, 0x0000014fc20794a8]
Event: 0.444 Thread 0x0000014fd82d92e0 nmethod 517 0x0000014fc9abdd10 code [0x0000014fc9abdea0, 0x0000014fc9abdf98]
Event: 0.444 Thread 0x0000014fd82d92e0  518       4       java.lang.Character::digit (6 bytes)
Event: 0.445 Thread 0x0000014fd82d92e0 nmethod 518 0x0000014fc9abe090 code [0x0000014fc9abe220, 0x0000014fc9abe318]
Event: 0.446 Thread 0x0000014fd83546c0 nmethod 522 0x0000014fc9abe490 code [0x0000014fc9abe600, 0x0000014fc9abe8b8]
Event: 0.446 Thread 0x0000014fd83546c0  530       4       lombok.patcher.scripts.MethodLevelPatchScript::patch (21 bytes)
Event: 0.446 Thread 0x0000014fd82d92e0  531       4       lombok.patcher.PatchScript::classMatches (41 bytes)
Event: 0.449 Thread 0x0000014fd82dbfb0  532       3       java.lang.Byte::<init> (10 bytes)
Event: 0.449 Thread 0x0000014fd82dbfb0 nmethod 532 0x0000014fc2079610 code [0x0000014fc20797c0, 0x0000014fc2079998]
Event: 0.449 Thread 0x0000014fd82dbfb0  533       3       java.lang.reflect.Modifier::isPublic (12 bytes)
Event: 0.449 Thread 0x0000014fd82dbfb0 nmethod 533 0x0000014fc2079a90 code [0x0000014fc2079c20, 0x0000014fc2079d78]
Event: 0.450 Thread 0x0000014fd82dbfb0  534  s    3       java.io.ByteArrayOutputStream::write (32 bytes)
Event: 0.450 Thread 0x0000014fd82dbfb0 nmethod 534 0x0000014fc2079e10 code [0x0000014fc2079fc0, 0x0000014fc207a208]
Event: 0.450 Thread 0x0000014fd82dbfb0  535       3       java.util.TreeMap::parentOf (13 bytes)
Event: 0.450 Thread 0x0000014fd82dbfb0 nmethod 535 0x0000014fc207a310 code [0x0000014fc207a4a0, 0x0000014fc207a618]
Event: 0.451 Thread 0x0000014fd82dbfb0  536       3       java.lang.reflect.Modifier::isProtected (12 bytes)
Event: 0.451 Thread 0x0000014fd82dbfb0 nmethod 536 0x0000014fc207a710 code [0x0000014fc207a8a0, 0x0000014fc207a9f8]
Event: 0.451 Thread 0x0000014fd82dbfb0  537       3       java.lang.Enum::equals (11 bytes)
Event: 0.452 Thread 0x0000014fd82dbfb0 nmethod 537 0x0000014fc207aa90 code [0x0000014fc207ac20, 0x0000014fc207ad98]

GC Heap History (0 events):
No events

Dll operation events (8 events):
Event: 0.019 Loaded shared library c:\Users\julia\.vscode\extensions\redhat.java-1.29.0-win32-x64\jre\17.0.10-win32-x86_64\bin\java.dll
Event: 0.153 Loaded shared library c:\Users\julia\.vscode\extensions\redhat.java-1.29.0-win32-x64\jre\17.0.10-win32-x86_64\bin\zip.dll
Event: 0.160 Loaded shared library C:\Users\julia\.vscode\extensions\redhat.java-1.29.0-win32-x64\jre\17.0.10-win32-x86_64\bin\instrument.dll
Event: 0.174 Loaded shared library C:\Users\julia\.vscode\extensions\redhat.java-1.29.0-win32-x64\jre\17.0.10-win32-x86_64\bin\net.dll
Event: 0.178 Loaded shared library C:\Users\julia\.vscode\extensions\redhat.java-1.29.0-win32-x64\jre\17.0.10-win32-x86_64\bin\nio.dll
Event: 0.186 Loaded shared library C:\Users\julia\.vscode\extensions\redhat.java-1.29.0-win32-x64\jre\17.0.10-win32-x86_64\bin\zip.dll
Event: 0.203 Loaded shared library C:\Users\julia\.vscode\extensions\redhat.java-1.29.0-win32-x64\jre\17.0.10-win32-x86_64\bin\jimage.dll
Event: 0.267 Loaded shared library c:\Users\julia\.vscode\extensions\redhat.java-1.29.0-win32-x64\jre\17.0.10-win32-x86_64\bin\verify.dll

Deoptimization events (20 events):
Event: 0.399 Thread 0x0000014fbf32f1a0 DEOPT PACKING pc=0x0000014fc1fda500 sp=0x00000013a47fa7d0
Event: 0.399 Thread 0x0000014fbf32f1a0 DEOPT UNPACKING pc=0x0000014fc9546e43 sp=0x00000013a47f9c90 mode 0
Event: 0.400 Thread 0x0000014fbf32f1a0 DEOPT PACKING pc=0x0000014fc1fda500 sp=0x00000013a47fa7e0
Event: 0.400 Thread 0x0000014fbf32f1a0 DEOPT UNPACKING pc=0x0000014fc9546e43 sp=0x00000013a47f9ca0 mode 0
Event: 0.400 Thread 0x0000014fbf32f1a0 DEOPT PACKING pc=0x0000014fc1fda500 sp=0x00000013a47fb330
Event: 0.400 Thread 0x0000014fbf32f1a0 DEOPT UNPACKING pc=0x0000014fc9546e43 sp=0x00000013a47fa7f0 mode 0
Event: 0.402 Thread 0x0000014fbf32f1a0 DEOPT PACKING pc=0x0000014fc1fda427 sp=0x00000013a47faed0
Event: 0.402 Thread 0x0000014fbf32f1a0 DEOPT UNPACKING pc=0x0000014fc9546e43 sp=0x00000013a47fa380 mode 0
Event: 0.403 Thread 0x0000014fbf32f1a0 DEOPT PACKING pc=0x0000014fc1fda500 sp=0x00000013a47fbcd0
Event: 0.403 Thread 0x0000014fbf32f1a0 DEOPT UNPACKING pc=0x0000014fc9546e43 sp=0x00000013a47fb190 mode 0
Event: 0.403 Thread 0x0000014fbf32f1a0 DEOPT PACKING pc=0x0000014fc1fda500 sp=0x00000013a47fc490
Event: 0.403 Thread 0x0000014fbf32f1a0 DEOPT UNPACKING pc=0x0000014fc9546e43 sp=0x00000013a47fb950 mode 0
Event: 0.428 Thread 0x0000014fbf32f1a0 Uncommon trap: trap_request=0xffffff45 fr.pc=0x0000014fc9aa64c0 relative=0x00000000000000c0
Event: 0.428 Thread 0x0000014fbf32f1a0 Uncommon trap: reason=unstable_if action=reinterpret pc=0x0000014fc9aa64c0 method=java.net.URI.match(CJJ)Z @ 45 c2
Event: 0.428 Thread 0x0000014fbf32f1a0 DEOPT PACKING pc=0x0000014fc9aa64c0 sp=0x00000013a47fcbf0
Event: 0.428 Thread 0x0000014fbf32f1a0 DEOPT UNPACKING pc=0x0000014fc95466a3 sp=0x00000013a47fcb78 mode 2
Event: 0.434 Thread 0x0000014fbf32f1a0 Uncommon trap: trap_request=0xffffff45 fr.pc=0x0000014fc9ab957c relative=0x000000000000061c
Event: 0.434 Thread 0x0000014fbf32f1a0 Uncommon trap: reason=unstable_if action=reinterpret pc=0x0000014fc9ab957c method=java.lang.String.replace(Ljava/lang/CharSequence;Ljava/lang/CharSequence;)Ljava/lang/String; @ 48 c2
Event: 0.434 Thread 0x0000014fbf32f1a0 DEOPT PACKING pc=0x0000014fc9ab957c sp=0x00000013a47fcb60
Event: 0.434 Thread 0x0000014fbf32f1a0 DEOPT UNPACKING pc=0x0000014fc95466a3 sp=0x00000013a47fcae0 mode 2

Classes unloaded (0 events):
No events

Classes redefined (0 events):
No events

Internal exceptions (2 events):
Event: 0.130 Thread 0x0000014fbf32f1a0 Exception <a 'java/lang/NoSuchMethodError'{0x00000000eacb4f18}: 'void java.lang.invoke.DirectMethodHandle$Holder.invokeStatic(java.lang.Object, java.lang.Object, java.lang.Object)'> (0x00000000eacb4f18) 
thrown [s\src\hotspot\share\interpreter\linkResolver.cpp, line 759]
Event: 0.318 Thread 0x0000014fbf32f1a0 Exception <a 'java/lang/reflect/InvocationTargetException'{0x00000000eafe9580}> (0x00000000eafe9580) 
thrown [s\src\hotspot\share\runtime\reflection.cpp, line 1121]

VM Operations (4 events):
Event: 0.137 Executing VM operation: HandshakeAllThreads
Event: 0.137 Executing VM operation: HandshakeAllThreads done
Event: 0.217 Executing VM operation: HandshakeAllThreads
Event: 0.217 Executing VM operation: HandshakeAllThreads done

Events (20 events):
Event: 0.451 loading class sun/security/provider/ByteArrayAccess$BE
Event: 0.451 loading class sun/security/provider/ByteArrayAccess$BE done
Event: 0.451 loading class java/lang/invoke/VarHandleByteArrayAsInts$ArrayHandle
Event: 0.451 loading class java/lang/invoke/VarHandleByteArrayAsInts$ByteArrayViewVarHandle
Event: 0.451 loading class java/lang/invoke/VarHandleByteArrayAsInts$ByteArrayViewVarHandle done
Event: 0.451 loading class java/lang/invoke/VarHandleByteArrayAsInts$ArrayHandle done
Event: 0.451 loading class java/lang/ArrayIndexOutOfBoundsException
Event: 0.451 loading class java/lang/IndexOutOfBoundsException
Event: 0.451 loading class java/lang/IndexOutOfBoundsException done
Event: 0.451 loading class java/lang/ArrayIndexOutOfBoundsException done
Event: 0.451 loading class java/lang/invoke/VarHandleByteArrayAsInts
Event: 0.452 loading class java/lang/invoke/VarHandleByteArrayBase
Event: 0.452 loading class java/lang/invoke/VarHandleByteArrayBase done
Event: 0.452 loading class java/lang/invoke/VarHandleByteArrayAsInts done
Event: 0.452 loading class java/lang/invoke/VarHandleByteArrayAsLongs$ArrayHandle
Event: 0.452 loading class java/lang/invoke/VarHandleByteArrayAsLongs$ByteArrayViewVarHandle
Event: 0.452 loading class java/lang/invoke/VarHandleByteArrayAsLongs$ByteArrayViewVarHandle done
Event: 0.452 loading class java/lang/invoke/VarHandleByteArrayAsLongs$ArrayHandle done
Event: 0.452 loading class java/lang/invoke/VarHandleByteArrayAsLongs
Event: 0.452 loading class java/lang/invoke/VarHandleByteArrayAsLongs done


Dynamic libraries:
0x00007ff770680000 - 0x00007ff77068e000 	c:\Users\julia\.vscode\extensions\redhat.java-1.29.0-win32-x64\jre\17.0.10-win32-x86_64\bin\java.exe
0x00007ffb447b0000 - 0x00007ffb449c6000 	C:\Windows\SYSTEM32\ntdll.dll
0x00007ffb43b70000 - 0x00007ffb43c34000 	C:\Windows\System32\KERNEL32.DLL
0x00007ffb41c30000 - 0x00007ffb41fd7000 	C:\Windows\System32\KERNELBASE.dll
0x00007ffb41fe0000 - 0x00007ffb420f1000 	C:\Windows\System32\ucrtbase.dll
0x00007ffb3c920000 - 0x00007ffb3c937000 	c:\Users\julia\.vscode\extensions\redhat.java-1.29.0-win32-x64\jre\17.0.10-win32-x86_64\bin\jli.dll
0x00007ffb2d690000 - 0x00007ffb2d6ab000 	c:\Users\julia\.vscode\extensions\redhat.java-1.29.0-win32-x64\jre\17.0.10-win32-x86_64\bin\VCRUNTIME140.dll
0x00007ffb43150000 - 0x00007ffb432fe000 	C:\Windows\System32\USER32.dll
0x00007ffb42480000 - 0x00007ffb424a6000 	C:\Windows\System32\win32u.dll
0x00007ffb444d0000 - 0x00007ffb444f9000 	C:\Windows\System32\GDI32.dll
0x00007ffb422e0000 - 0x00007ffb423f9000 	C:\Windows\System32\gdi32full.dll
0x00007ffb41ad0000 - 0x00007ffb41b6a000 	C:\Windows\System32\msvcp_win.dll
0x00007ffb28250000 - 0x00007ffb284e3000 	C:\Windows\WinSxS\amd64_microsoft.windows.common-controls_6595b64144ccf1df_6.0.22621.3235_none_270f74e173860f98\COMCTL32.dll
0x00007ffb44300000 - 0x00007ffb443a7000 	C:\Windows\System32\msvcrt.dll
0x00007ffb442c0000 - 0x00007ffb442f1000 	C:\Windows\System32\IMM32.DLL
0x00007ffb3cc00000 - 0x00007ffb3cc0c000 	c:\Users\julia\.vscode\extensions\redhat.java-1.29.0-win32-x64\jre\17.0.10-win32-x86_64\bin\vcruntime140_1.dll
0x00007ffb22c10000 - 0x00007ffb22c9d000 	c:\Users\julia\.vscode\extensions\redhat.java-1.29.0-win32-x64\jre\17.0.10-win32-x86_64\bin\msvcp140.dll
0x00007ffad8b60000 - 0x00007ffad97c2000 	c:\Users\julia\.vscode\extensions\redhat.java-1.29.0-win32-x64\jre\17.0.10-win32-x86_64\bin\server\jvm.dll
0x00007ffb42e30000 - 0x00007ffb42ee2000 	C:\Windows\System32\ADVAPI32.dll
0x00007ffb429f0000 - 0x00007ffb42a98000 	C:\Windows\System32\sechost.dll
0x00007ffb424b0000 - 0x00007ffb424d8000 	C:\Windows\System32\bcrypt.dll
0x00007ffb42640000 - 0x00007ffb42755000 	C:\Windows\System32\RPCRT4.dll
0x00007ffb3a5d0000 - 0x00007ffb3a604000 	C:\Windows\SYSTEM32\WINMM.dll
0x00007ffb40950000 - 0x00007ffb4099d000 	C:\Windows\SYSTEM32\POWRPROF.dll
0x00007ffb384b0000 - 0x00007ffb384ba000 	C:\Windows\SYSTEM32\VERSION.dll
0x00007ffb1bf90000 - 0x00007ffb1bf99000 	C:\Windows\SYSTEM32\WSOCK32.dll
0x00007ffb443e0000 - 0x00007ffb44451000 	C:\Windows\System32\WS2_32.dll
0x00007ffb40930000 - 0x00007ffb40943000 	C:\Windows\SYSTEM32\UMPDC.dll
0x00007ffb40bf0000 - 0x00007ffb40c08000 	C:\Windows\SYSTEM32\kernel.appcore.dll
0x00007ffb36d30000 - 0x00007ffb36d3a000 	c:\Users\julia\.vscode\extensions\redhat.java-1.29.0-win32-x64\jre\17.0.10-win32-x86_64\bin\jimage.dll
0x00007ffb3f310000 - 0x00007ffb3f543000 	C:\Windows\SYSTEM32\DBGHELP.DLL
0x00007ffb42aa0000 - 0x00007ffb42e28000 	C:\Windows\System32\combase.dll
0x00007ffb42800000 - 0x00007ffb428d7000 	C:\Windows\System32\OLEAUT32.dll
0x00007ffb132e0000 - 0x00007ffb13312000 	C:\Windows\SYSTEM32\dbgcore.DLL
0x00007ffb42400000 - 0x00007ffb42479000 	C:\Windows\System32\bcryptPrimitives.dll
0x00007ffb22bc0000 - 0x00007ffb22bce000 	c:\Users\julia\.vscode\extensions\redhat.java-1.29.0-win32-x64\jre\17.0.10-win32-x86_64\bin\instrument.dll
0x00007ffb19b20000 - 0x00007ffb19b45000 	c:\Users\julia\.vscode\extensions\redhat.java-1.29.0-win32-x64\jre\17.0.10-win32-x86_64\bin\java.dll
0x00007ffb19b00000 - 0x00007ffb19b18000 	c:\Users\julia\.vscode\extensions\redhat.java-1.29.0-win32-x64\jre\17.0.10-win32-x86_64\bin\zip.dll
0x00007ffb43310000 - 0x00007ffb43b6c000 	C:\Windows\System32\SHELL32.dll
0x00007ffb3fa10000 - 0x00007ffb40309000 	C:\Windows\SYSTEM32\windows.storage.dll
0x00007ffb3f8d0000 - 0x00007ffb3fa0e000 	C:\Windows\SYSTEM32\wintypes.dll
0x00007ffb428f0000 - 0x00007ffb429e3000 	C:\Windows\System32\SHCORE.dll
0x00007ffb43dd0000 - 0x00007ffb43e2e000 	C:\Windows\System32\shlwapi.dll
0x00007ffb41a00000 - 0x00007ffb41a21000 	C:\Windows\SYSTEM32\profapi.dll
0x00007ffb22bf0000 - 0x00007ffb22c09000 	C:\Users\julia\.vscode\extensions\redhat.java-1.29.0-win32-x64\jre\17.0.10-win32-x86_64\bin\net.dll
0x00007ffb3bd30000 - 0x00007ffb3be66000 	C:\Windows\SYSTEM32\WINHTTP.dll
0x00007ffb41080000 - 0x00007ffb410e9000 	C:\Windows\system32\mswsock.dll
0x00007ffb22bd0000 - 0x00007ffb22be6000 	C:\Users\julia\.vscode\extensions\redhat.java-1.29.0-win32-x64\jre\17.0.10-win32-x86_64\bin\nio.dll
0x00007ffb19ac0000 - 0x00007ffb19ad0000 	c:\Users\julia\.vscode\extensions\redhat.java-1.29.0-win32-x64\jre\17.0.10-win32-x86_64\bin\verify.dll

dbghelp: loaded successfully - version: 4.0.5 - missing functions: none
symbol engine: initialized successfully - sym options: 0x614 - pdb path: .;c:\Users\julia\.vscode\extensions\redhat.java-1.29.0-win32-x64\jre\17.0.10-win32-x86_64\bin;C:\Windows\SYSTEM32;C:\Windows\WinSxS\amd64_microsoft.windows.common-controls_6595b64144ccf1df_6.0.22621.3235_none_270f74e173860f98;c:\Users\julia\.vscode\extensions\redhat.java-1.29.0-win32-x64\jre\17.0.10-win32-x86_64\bin\server

VM Arguments:
jvm_args: --add-modules=ALL-SYSTEM --add-opens=java.base/java.util=ALL-UNNAMED --add-opens=java.base/java.lang=ALL-UNNAMED --add-opens=java.base/sun.nio.fs=ALL-UNNAMED -Declipse.application=org.eclipse.jdt.ls.core.id1 -Dosgi.bundles.defaultStartLevel=4 -Declipse.product=org.eclipse.jdt.ls.core.product -Djava.import.generatesMetadataFilesAtProjectRoot=false -DDetectVMInstallationsJob.disabled=true -Dfile.encoding=utf8 -XX:+UseParallelGC -XX:GCTimeRatio=4 -XX:AdaptiveSizePolicyWeight=90 -Dsun.zip.disableMemoryMapping=true -Xmx1G -Xms100m -Xlog:disable -javaagent:c:\Users\julia\.vscode\extensions\redhat.java-1.29.0-win32-x64\lombok\lombok-1.18.32.jar -XX:+HeapDumpOnOutOfMemoryError -XX:HeapDumpPath=c:\Users\julia\AppData\Roaming\Code\User\workspaceStorage\26c4c57eefdccec7da8e87e1942c4394\redhat.java -Daether.dependencyCollector.impl=bf 
java_command: c:\Users\julia\.vscode\extensions\redhat.java-1.29.0-win32-x64\server\plugins\org.eclipse.equinox.launcher_1.6.800.v20240304-1850.jar -configuration c:\Users\julia\AppData\Roaming\Code\User\globalStorage\redhat.java\1.29.0\config_win -data c:\Users\julia\AppData\Roaming\Code\User\workspaceStorage\26c4c57eefdccec7da8e87e1942c4394\redhat.java\jdt_ws --stdio
java_class_path (initial): c:\Users\julia\.vscode\extensions\redhat.java-1.29.0-win32-x64\server\plugins\org.eclipse.equinox.launcher_1.6.800.v20240304-1850.jar
Launcher Type: SUN_STANDARD

[Global flags]
    uintx AdaptiveSizePolicyWeight                 = 90                                        {product} {command line}
     intx CICompilerCount                          = 4                                         {product} {ergonomic}
    uintx GCTimeRatio                              = 4                                         {product} {command line}
     bool HeapDumpOnOutOfMemoryError               = true                                   {manageable} {command line}
    ccstr HeapDumpPath                             = c:\Users\julia\AppData\Roaming\Code\User\workspaceStorage\26c4c57eefdccec7da8e87e1942c4394\redhat.java         {manageable} {command line}
   size_t InitialHeapSize                          = 104857600                                 {product} {command line}
   size_t MaxHeapSize                              = 1073741824                                {product} {command line}
   size_t MaxNewSize                               = 357564416                                 {product} {ergonomic}
   size_t MinHeapDeltaBytes                        = 524288                                    {product} {ergonomic}
   size_t MinHeapSize                              = 104857600                                 {product} {command line}
   size_t NewSize                                  = 34603008                                  {product} {ergonomic}
    uintx NonNMethodCodeHeapSize                   = 5839372                                {pd product} {ergonomic}
    uintx NonProfiledCodeHeapSize                  = 122909434                              {pd product} {ergonomic}
   size_t OldSize                                  = 70254592                                  {product} {ergonomic}
    uintx ProfiledCodeHeapSize                     = 122909434                              {pd product} {ergonomic}
    uintx ReservedCodeCacheSize                    = 251658240                              {pd product} {ergonomic}
     bool SegmentedCodeCache                       = true                                      {product} {ergonomic}
   size_t SoftMaxHeapSize                          = 1073741824                             {manageable} {ergonomic}
     bool UseCompressedClassPointers               = true                           {product lp64_product} {ergonomic}
     bool UseCompressedOops                        = true                           {product lp64_product} {ergonomic}
     bool UseLargePagesIndividualAllocation        = false                                  {pd product} {ergonomic}
     bool UseParallelGC                            = true                                      {product} {command line}

Logging:
Log output configuration:
 #0: stdout all=off uptime,level,tags
 #1: stderr all=off uptime,level,tags

Environment Variables:
PATH=C:\Program Files\Common Files\Oracle\Java\javapath;C:\Program Files (x86)\Common Files\Oracle\Java\javapath;C:\Windows\system32;C:\Windows;C:\Windows\System32\Wbem;C:\Windows\System32\WindowsPowerShell\v1.0\;C:\Windows\System32\OpenSSH\;C:\Program Files (x86)\NVIDIA Corporation\PhysX\Common;C:\Program Files\NVIDIA Corporation\NVIDIA NvDLISR;C:\Program Files\dotnet\;C:\Program Files\Docker\Docker\resources\bin;C:\Program Files\Git\cmd;C:\workspace\apache-maven-3.9.6-bin\apache-maven-3.9.6\bin;C:\Users\julia\AppData\Local\Programs\Python\Python312\Scripts\;C:\Users\julia\AppData\Local\Programs\Python\Python312\;C:\Users\julia\AppData\Local\Microsoft\WindowsApps;;C:\Users\julia\AppData\Local\Programs\Microsoft VS Code\bin
USERNAME=julia
OS=Windows_NT
PROCESSOR_IDENTIFIER=Intel64 Family 6 Model 154 Stepping 3, GenuineIntel
TMP=C:\Users\julia\AppData\Local\Temp
TEMP=C:\Users\julia\AppData\Local\Temp



Periodic native trim disabled


---------------  S Y S T E M  ---------------

OS:
 Windows 11 , 64 bit Build 22621 (10.0.22621.3374)
OS uptime: 0 days 0:25 hours
Hyper-V role detected

CPU: total 12 (initial active 12) (6 cores per cpu, 2 threads per core) family 6 model 154 stepping 3 microcode 0x423, cx8, cmov, fxsr, ht, mmx, 3dnowpref, sse, sse2, sse3, ssse3, sse4.1, sse4.2, popcnt, lzcnt, tsc, tscinvbit, avx, avx2, aes, erms, clmul, bmi1, bmi2, adx, sha, fma, vzeroupper, clflush, clflushopt, clwb, hv
Processor Information for processor 0
  Max Mhz: 2500, Current Mhz: 2500, Mhz Limit: 2500
Processor Information for processor 1
  Max Mhz: 2500, Current Mhz: 2500, Mhz Limit: 2500
Processor Information for processor 2
  Max Mhz: 2500, Current Mhz: 2500, Mhz Limit: 2500
Processor Information for processor 3
  Max Mhz: 2500, Current Mhz: 2500, Mhz Limit: 2500
Processor Information for processor 4
  Max Mhz: 2500, Current Mhz: 2500, Mhz Limit: 2500
Processor Information for processor 5
  Max Mhz: 2500, Current Mhz: 2500, Mhz Limit: 2500
Processor Information for processor 6
  Max Mhz: 2500, Current Mhz: 2500, Mhz Limit: 2500
Processor Information for processor 7
  Max Mhz: 2500, Current Mhz: 2500, Mhz Limit: 2500
Processor Information for processor 8
  Max Mhz: 2500, Current Mhz: 1875, Mhz Limit: 1875
Processor Information for processor 9
  Max Mhz: 2500, Current Mhz: 1875, Mhz Limit: 1875
Processor Information for processor 10
  Max Mhz: 2500, Current Mhz: 1875, Mhz Limit: 1875
Processor Information for processor 11
  Max Mhz: 2500, Current Mhz: 1875, Mhz Limit: 1875

Memory: 4k page, system-wide physical 7878M (466M free)
TotalPageFile size 16070M (AvailPageFile size 157M)
current process WorkingSet (physical memory assigned to process): 54M, peak: 55M
current process commit charge ("private bytes"): 200M, peak: 201M

vm_info: OpenJDK 64-Bit Server VM (17.0.10+7) for windows-amd64 JRE (17.0.10+7), built on Jan 16 2024 23:25:11 by "admin" with MS VC++ 16.10 / 16.11 (VS2019)

END.
